#
# There is insufficient memory for the Java Runtime Environment to continue.
# Native memory allocation (malloc) failed to allocate 2475376 bytes for Chunk::new
# Possible reasons:
#   The system is out of physical RAM or swap space
#   The process is running with CompressedOops enabled, and the Java Heap may be blocking the growth of the native heap
# Possible solutions:
#   Reduce memory load on the system
#   Increase physical memory or swap space
#   Check if swap backing store is full
#   Decrease Java heap size (-Xmx/-Xms)
#   Decrease number of Java threads
#   Decrease Java thread stack sizes (-Xss)
#   Set larger code cache with -XX:ReservedCodeCacheSize=
#   JVM is running with Unscaled Compressed Oops mode in which the Java heap is
#     placed in the first 4GB address space. The Java Heap base address is the
#     maximum limit for the native heap growth. Please use -XX:HeapBaseMinAddress
#     to set the Java Heap base and to place the Java Heap above 4GB virtual address.
# This output file may be truncated or incomplete.
#
#  Out of Memory Error (allocation.cpp:389), pid=7540, tid=0x0000000000002038
#
# JRE version: OpenJDK Runtime Environment (8.0_202-b03) (build 1.8.0_202-release-1483-b03)
# Java VM: OpenJDK 64-Bit Server VM (25.202-b03 mixed mode windows-amd64 compressed oops)
# Failed to write core dump. Minidumps are not enabled by default on client versions of Windows
#

---------------  T H R E A D  ---------------

Current thread (0x000000005649b000):  JavaThread "C2 CompilerThread0" daemon [_thread_in_native, id=8248, stack(0x00000000580d0000,0x00000000581d0000)]

Stack: [0x00000000580d0000,0x00000000581d0000]
[error occurred during error reporting (printing stack bounds), id 0xc0000005]

Native frames: (J=compiled Java code, j=interpreted, Vv=VM code, C=native code)


Current CompileTask:
C2: 637574 12530 % !   4       com.android.tools.r8.dex.c::b @ 242 (2274 bytes)


---------------  P R O C E S S  ---------------

Java Threads: ( => current thread )
  0x000000005ad7f000 JavaThread "WorkerExecutor Queue Thread 5" [_thread_blocked, id=832, stack(0x0000000067a20000,0x0000000067b20000)]
  0x000000005ad80800 JavaThread "WorkerExecutor Queue Thread 4" [_thread_blocked, id=6352, stack(0x00000000672e0000,0x00000000673e0000)]
  0x000000005ad80000 JavaThread "WorkerExecutor Queue Thread 3" [_thread_blocked, id=8324, stack(0x0000000066b40000,0x0000000066c40000)]
  0x000000005ad7e800 JavaThread "WorkerExecutor Queue" [_thread_in_vm, id=7572, stack(0x0000000066790000,0x0000000066890000)]
  0x000000005ad7d000 JavaThread "Cache worker for Java compile cache (D:\wanglin\AndroidStudioProjects\house\.gradle\5.4.1\javaCompile)" [_thread_blocked, id=8020, stack(0x0000000065590000,0x0000000065690000)]
  0x000000005ad7c000 JavaThread "Cache worker for Java compile cache (C:\Users\Administrator\.gradle\caches\5.4.1\javaCompile)" [_thread_blocked, id=7528, stack(0x0000000066070000,0x0000000066170000)]
  0x000000005ad7b800 JavaThread "Cache worker for execution history cache (D:\wanglin\AndroidStudioProjects\house\.gradle\5.4.1\executionHistory)" [_thread_blocked, id=7080, stack(0x0000000065ef0000,0x0000000065ff0000)]
  0x000000005ad7a800 JavaThread "Execution worker for ':' Thread 3" [_thread_blocked, id=8860, stack(0x00000000642f0000,0x00000000643f0000)]
  0x000000005ad7a000 JavaThread "Execution worker for ':' Thread 2" [_thread_blocked, id=5216, stack(0x0000000065880000,0x0000000065980000)]
  0x0000000059c06000 JavaThread "Execution worker for ':'" [_thread_blocked, id=8736, stack(0x0000000065710000,0x0000000065810000)]
  0x0000000059bfb800 JavaThread "Cache worker for file content cache (D:\wanglin\AndroidStudioProjects\house\.gradle\5.4.1\fileContent)" [_thread_blocked, id=9200, stack(0x0000000064420000,0x0000000064520000)]
  0x0000000059c08000 JavaThread "Cache worker for Build Output Cleanup Cache (D:\wanglin\AndroidStudioProjects\house\.gradle\buildOutputCleanup)" [_thread_blocked, id=3088, stack(0x00000000623f0000,0x00000000624f0000)]
  0x0000000059c09000 JavaThread "Build operations Thread 4" [_thread_blocked, id=8588, stack(0x0000000062f90000,0x0000000063090000)]
  0x0000000059c03000 JavaThread "Build operations Thread 3" [_thread_blocked, id=6800, stack(0x00000000641f0000,0x00000000642f0000)]
  0x0000000059c02000 JavaThread "Build operations Thread 2" [_thread_blocked, id=5520, stack(0x00000000640f0000,0x00000000641f0000)]
  0x0000000059c04800 JavaThread "Build operations" [_thread_blocked, id=8520, stack(0x0000000062780000,0x0000000062880000)]
  0x0000000059c03800 JavaThread "Cache worker for cache directory md-rule (C:\Users\Administrator\.gradle\caches\5.4.1\md-rule)" [_thread_blocked, id=8884, stack(0x0000000057280000,0x0000000057380000)]
  0x0000000059c00000 JavaThread "Cache worker for cache directory md-supplier (C:\Users\Administrator\.gradle\caches\5.4.1\md-supplier)" [_thread_blocked, id=7312, stack(0x0000000062650000,0x0000000062750000)]
  0x000000005d235800 JavaThread "Cache worker for file hash cache (D:\wanglin\AndroidStudioProjects\house\.gradle\5.4.1\fileHashes)" [_thread_blocked, id=8660, stack(0x000000005b5c0000,0x000000005b6c0000)]
  0x000000005d236000 JavaThread "Thread-50" [_thread_blocked, id=6056, stack(0x000000005e600000,0x000000005e700000)]
  0x000000005d234000 JavaThread "Stdin handler" [_thread_blocked, id=8332, stack(0x000000005eb10000,0x000000005ec10000)]
  0x000000005d232800 JavaThread "Asynchronous log dispatcher for DefaultDaemonConnection: socket connection from /127.0.0.1:54111 to /127.0.0.1:55133" [_thread_blocked, id=6248, stack(0x0000000060600000,0x0000000060700000)]
  0x000000005d237000 JavaThread "Daemon worker Thread 2" [_thread_blocked, id=7196, stack(0x0000000057490000,0x0000000057590000)]
  0x000000005d231800 JavaThread "Cancel handler" [_thread_blocked, id=6292, stack(0x000000005bd80000,0x000000005be80000)]
  0x000000005d231000 JavaThread "Handler for socket connection from /127.0.0.1:54111 to /127.0.0.1:55133" [_thread_in_native, id=9044, stack(0x000000005b7c0000,0x000000005b8c0000)]
  0x000000005d234800 JavaThread "Daemon Thread 2" [_thread_blocked, id=5848, stack(0x000000005c000000,0x000000005c100000)]
  0x000000005d233000 JavaThread "Cache worker for file content cache (C:\Users\Administrator\.gradle\caches\5.4.1\fileContent)" [_thread_blocked, id=7800, stack(0x0000000057690000,0x0000000057790000)]
  0x0000000059c07800 JavaThread "Memory manager" [_thread_blocked, id=1016, stack(0x0000000062540000,0x0000000062640000)]
  0x0000000059c01800 JavaThread "Cache worker for execution history cache (C:\Users\Administrator\.gradle\caches\5.4.1\executionHistory)" [_thread_blocked, id=7932, stack(0x0000000060760000,0x0000000060860000)]
  0x0000000059bfa800 JavaThread "Cache worker for journal cache (C:\Users\Administrator\.gradle\caches\journal-1)" [_thread_blocked, id=8100, stack(0x000000005c100000,0x000000005c200000)]
  0x0000000059bfa000 JavaThread "File lock request listener" [_thread_in_native, id=4820, stack(0x000000005bf00000,0x000000005c000000)]
  0x0000000057b62000 JavaThread "Cache worker for file hash cache (C:\Users\Administrator\.gradle\caches\5.4.1\fileHashes)" [_thread_blocked, id=6548, stack(0x000000005b6c0000,0x000000005b7c0000)]
  0x000000005876a800 JavaThread "Daemon periodic checks" [_thread_blocked, id=9196, stack(0x000000005b4a0000,0x000000005b5a0000)]
  0x000000005876e800 JavaThread "Incoming local TCP Connector on port 54111" [_thread_in_native, id=8872, stack(0x000000005b390000,0x000000005b490000)]
  0x000000005a255000 JavaThread "Daemon health stats" [_thread_blocked, id=7580, stack(0x000000005b080000,0x000000005b180000)]
  0x000000005797d800 JavaThread "Service Thread" daemon [_thread_blocked, id=7248, stack(0x00000000585e0000,0x00000000586e0000)]
  0x0000000057903800 JavaThread "C1 CompilerThread2" daemon [_thread_blocked, id=6684, stack(0x0000000058450000,0x0000000058550000)]
  0x0000000057902800 JavaThread "C2 CompilerThread1" daemon [_thread_blocked, id=7264, stack(0x0000000058250000,0x0000000058350000)]
=>0x000000005649b000 JavaThread "C2 CompilerThread0" daemon [_thread_in_native, id=8248, stack(0x00000000580d0000,0x00000000581d0000)]
  0x00000000578e8800 JavaThread "Attach Listener" daemon [_thread_blocked, id=1496, stack(0x0000000057f60000,0x0000000058060000)]
  0x000000005648c800 JavaThread "Signal Dispatcher" daemon [_thread_blocked, id=6552, stack(0x0000000057dd0000,0x0000000057ed0000)]
  0x0000000056472800 JavaThread "Finalizer" daemon [_thread_blocked, id=3920, stack(0x00000000577e0000,0x00000000578e0000)]
  0x0000000056471000 JavaThread "Reference Handler" daemon [_thread_blocked, id=1944, stack(0x0000000057590000,0x0000000057690000)]
  0x00000000000fe800 JavaThread "main" [_thread_blocked, id=8256, stack(0x0000000002700000,0x0000000002800000)]

Other Threads:
  0x0000000056429800 VMThread [stack: 0x0000000057380000,0x0000000057480000] [id=8444]
  0x000000005792e800 WatcherThread [stack: 0x0000000058350000,0x0000000058450000] [id=7204]

VM state:not at safepoint (normal execution)

VM Mutex/Monitor currently owned by a thread: None

OutOfMemory and StackOverflow Exception counts:
OutOfMemoryError java_heap_errors=1

heap address: 0x00000000a0000000, size: 1536 MB, Compressed Oops mode: 32-bit
Narrow klass base: 0x0000000000000000, Narrow klass shift: 0
Compressed class space size: 1073741824 Address: 0x0000000015aa0000

Heap:
 PSYoungGen      total 429568K, used 64804K [0x00000000e0000000, 0x0000000100000000, 0x0000000100000000)
  eden space 401408K, 10% used [0x00000000e0000000,0x00000000e29145a8,0x00000000f8800000)
  from space 28160K, 80% used [0x00000000fe480000,0x00000000ffab4b60,0x0000000100000000)
  to   space 61440K, 0% used [0x00000000f8800000,0x00000000f8800000,0x00000000fc400000)
 ParOldGen       total 109568K, used 109304K [0x00000000a0000000, 0x00000000a6b00000, 0x00000000e0000000)
  object space 109568K, 99% used [0x00000000a0000000,0x00000000a6abe3d8,0x00000000a6b00000)
 Metaspace       used 81185K, capacity 84130K, committed 84312K, reserved 1122304K
  class space    used 10771K, capacity 11364K, committed 11392K, reserved 1048576K

Card table byte_map: [0x0000000011bc0000,0x0000000011ed0000] byte_map_base: 0x00000000116c0000

Marking Bits: (ParMarkBitMap*) 0x00000000622f9f30
 Begin Bits: [0x00000000127a0000, 0x0000000013fa0000)
 End Bits:   [0x0000000013fa0000, 0x00000000157a0000)

Polling page: 0x0000000000140000

CodeCache: size=245760Kb used=34235Kb max_used=34504Kb free=211524Kb
 bounds [0x0000000002800000, 0x0000000004a30000, 0x0000000011800000]
 total_blobs=12102 nmethods=11261 adapters=753
 compilation: enabled

Compilation events (10 events):
Event: 637.491 Thread 0x0000000057903800 13046       3       com.google.common.base.Preconditions::checkPositionIndexes (29 bytes)
Event: 637.491 Thread 0x0000000057903800 nmethod 13046 0x0000000003be4c50 code [0x0000000003be4dc0, 0x0000000003be5078]
Event: 637.499 Thread 0x0000000057903800 13047       3       java.util.zip.CRC32::update (51 bytes)
Event: 637.499 Thread 0x0000000057903800 nmethod 13047 0x0000000003be4590 code [0x0000000003be4720, 0x0000000003be4af8]
Event: 637.499 Thread 0x0000000057903800 13048       3       com.google.common.hash.Funnels$SinkAsStream::write (14 bytes)
Event: 637.499 Thread 0x0000000057903800 nmethod 13048 0x0000000003be4050 code [0x0000000003be41c0, 0x0000000003be43e8]
Event: 637.499 Thread 0x0000000057903800 13049       3       com.google.common.hash.AbstractByteHasher::putBytes (8 bytes)
Event: 637.499 Thread 0x0000000057903800 nmethod 13049 0x0000000004235390 code [0x0000000004235540, 0x0000000004235a68]
Event: 637.502 Thread 0x0000000057903800 13050       3       com.google.common.hash.ChecksumHashFunction$ChecksumHasher::update (13 bytes)
Event: 637.502 Thread 0x0000000057903800 nmethod 13050 0x0000000004234f10 code [0x0000000004235080, 0x00000000042352a8]

GC Heap History (10 events):
Event: 13.625 GC heap before
{Heap before GC invocations=10 (full 2):
 PSYoungGen      total 262656K, used 47442K [0x00000000e0000000, 0x00000000fcf00000, 0x0000000100000000)
  eden space 247296K, 12% used [0x00000000e0000000,0x00000000e1f55878,0x00000000ef180000)
  from space 15360K, 99% used [0x00000000ef180000,0x00000000f007f0b8,0x00000000f0080000)
  to   space 24576K, 0% used [0x00000000fb700000,0x00000000fb700000,0x00000000fcf00000)
 ParOldGen       total 72704K, used 30482K [0x00000000a0000000, 0x00000000a4700000, 0x00000000e0000000)
  object space 72704K, 41% used [0x00000000a0000000,0x00000000a1dc4b98,0x00000000a4700000)
 Metaspace       used 57181K, capacity 58950K, committed 59028K, reserved 1099776K
  class space    used 7767K, capacity 8176K, committed 8192K, reserved 1048576K
Event: 13.644 GC heap after
Heap after GC invocations=10 (full 2):
 PSYoungGen      total 442368K, used 14837K [0x00000000e0000000, 0x00000000fcb80000, 0x0000000100000000)
  eden space 421376K, 0% used [0x00000000e0000000,0x00000000e0000000,0x00000000f9b80000)
  from space 20992K, 70% used [0x00000000fb700000,0x00000000fc57d7d0,0x00000000fcb80000)
  to   space 24576K, 0% used [0x00000000f9b80000,0x00000000f9b80000,0x00000000fb380000)
 ParOldGen       total 72704K, used 30490K [0x00000000a0000000, 0x00000000a4700000, 0x00000000e0000000)
  object space 72704K, 41% used [0x00000000a0000000,0x00000000a1dc6b98,0x00000000a4700000)
 Metaspace       used 57181K, capacity 58950K, committed 59028K, reserved 1099776K
  class space    used 7767K, capacity 8176K, committed 8192K, reserved 1048576K
}
Event: 13.644 GC heap before
{Heap before GC invocations=11 (full 3):
 PSYoungGen      total 442368K, used 14837K [0x00000000e0000000, 0x00000000fcb80000, 0x0000000100000000)
  eden space 421376K, 0% used [0x00000000e0000000,0x00000000e0000000,0x00000000f9b80000)
  from space 20992K, 70% used [0x00000000fb700000,0x00000000fc57d7d0,0x00000000fcb80000)
  to   space 24576K, 0% used [0x00000000f9b80000,0x00000000f9b80000,0x00000000fb380000)
 ParOldGen       total 72704K, used 30490K [0x00000000a0000000, 0x00000000a4700000, 0x00000000e0000000)
  object space 72704K, 41% used [0x00000000a0000000,0x00000000a1dc6b98,0x00000000a4700000)
 Metaspace       used 57181K, capacity 58950K, committed 59028K, reserved 1099776K
  class space    used 7767K, capacity 8176K, committed 8192K, reserved 1048576K
Event: 13.851 GC heap after
Heap after GC invocations=11 (full 3):
 PSYoungGen      total 442368K, used 0K [0x00000000e0000000, 0x00000000fcb80000, 0x0000000100000000)
  eden space 421376K, 0% used [0x00000000e0000000,0x00000000e0000000,0x00000000f9b80000)
  from space 20992K, 0% used [0x00000000fb700000,0x00000000fb700000,0x00000000fcb80000)
  to   space 24576K, 0% used [0x00000000f9b80000,0x00000000f9b80000,0x00000000fb380000)
 ParOldGen       total 99328K, used 29350K [0x00000000a0000000, 0x00000000a6100000, 0x00000000e0000000)
  object space 99328K, 29% used [0x00000000a0000000,0x00000000a1ca9830,0x00000000a6100000)
 Metaspace       used 57096K, capacity 58700K, committed 59028K, reserved 1099776K
  class space    used 7740K, capacity 8129K, committed 8192K, reserved 1048576K
}
Event: 631.986 GC heap before
{Heap before GC invocations=12 (full 3):
 PSYoungGen      total 442368K, used 421376K [0x00000000e0000000, 0x00000000fcb80000, 0x0000000100000000)
  eden space 421376K, 100% used [0x00000000e0000000,0x00000000f9b80000,0x00000000f9b80000)
  from space 20992K, 0% used [0x00000000fb700000,0x00000000fb700000,0x00000000fcb80000)
  to   space 24576K, 0% used [0x00000000f9b80000,0x00000000f9b80000,0x00000000fb380000)
 ParOldGen       total 99328K, used 29350K [0x00000000a0000000, 0x00000000a6100000, 0x00000000e0000000)
  object space 99328K, 29% used [0x00000000a0000000,0x00000000a1ca9830,0x00000000a6100000)
 Metaspace       used 66817K, capacity 69020K, committed 69208K, reserved 1110016K
  class space    used 8819K, capacity 9281K, committed 9344K, reserved 1048576K
Event: 632.027 GC heap after
Heap after GC invocations=12 (full 3):
 PSYoungGen      total 445952K, used 24571K [0x00000000e0000000, 0x0000000100000000, 0x0000000100000000)
  eden space 421376K, 0% used [0x00000000e0000000,0x00000000e0000000,0x00000000f9b80000)
  from space 24576K, 99% used [0x00000000f9b80000,0x00000000fb37ecd8,0x00000000fb380000)
  to   space 28160K, 0% used [0x00000000fe480000,0x00000000fe480000,0x0000000100000000)
 ParOldGen       total 99328K, used 30082K [0x00000000a0000000, 0x00000000a6100000, 0x00000000e0000000)
  object space 99328K, 30% used [0x00000000a0000000,0x00000000a1d60828,0x00000000a6100000)
 Metaspace       used 66817K, capacity 69020K, committed 69208K, reserved 1110016K
  class space    used 8819K, capacity 9281K, committed 9344K, reserved 1048576K
}
Event: 636.085 GC heap before
{Heap before GC invocations=13 (full 3):
 PSYoungGen      total 445952K, used 445947K [0x00000000e0000000, 0x0000000100000000, 0x0000000100000000)
  eden space 421376K, 100% used [0x00000000e0000000,0x00000000f9b80000,0x00000000f9b80000)
  from space 24576K, 99% used [0x00000000f9b80000,0x00000000fb37ecd8,0x00000000fb380000)
  to   space 28160K, 0% used [0x00000000fe480000,0x00000000fe480000,0x0000000100000000)
 ParOldGen       total 99328K, used 30082K [0x00000000a0000000, 0x00000000a6100000, 0x00000000e0000000)
  object space 99328K, 30% used [0x00000000a0000000,0x00000000a1d60828,0x00000000a6100000)
 Metaspace       used 80081K, capacity 82974K, committed 83160K, reserved 1122304K
  class space    used 10624K, capacity 11228K, committed 11264K, reserved 1048576K
Event: 636.204 GC heap after
Heap after GC invocations=13 (full 3):
 PSYoungGen      total 429568K, used 28151K [0x00000000e0000000, 0x0000000100000000, 0x0000000100000000)
  eden space 401408K, 0% used [0x00000000e0000000,0x00000000e0000000,0x00000000f8800000)
  from space 28160K, 99% used [0x00000000fe480000,0x00000000ffffdf70,0x0000000100000000)
  to   space 61440K, 0% used [0x00000000f8800000,0x00000000f8800000,0x00000000fc400000)
 ParOldGen       total 109568K, used 109158K [0x00000000a0000000, 0x00000000a6b00000, 0x00000000e0000000)
  object space 109568K, 99% used [0x00000000a0000000,0x00000000a6a99928,0x00000000a6b00000)
 Metaspace       used 80081K, capacity 82974K, committed 83160K, reserved 1122304K
  class space    used 10624K, capacity 11228K, committed 11264K, reserved 1048576K
}
Event: 636.204 GC heap before
{Heap before GC invocations=14 (full 4):
 PSYoungGen      total 429568K, used 28151K [0x00000000e0000000, 0x0000000100000000, 0x0000000100000000)
  eden space 401408K, 0% used [0x00000000e0000000,0x00000000e0000000,0x00000000f8800000)
  from space 28160K, 99% used [0x00000000fe480000,0x00000000ffffdf70,0x0000000100000000)
  to   space 61440K, 0% used [0x00000000f8800000,0x00000000f8800000,0x00000000fc400000)
 ParOldGen       total 109568K, used 109158K [0x00000000a0000000, 0x00000000a6b00000, 0x00000000e0000000)
  object space 109568K, 99% used [0x00000000a0000000,0x00000000a6a99928,0x00000000a6b00000)
 Metaspace       used 80081K, capacity 82974K, committed 83160K, reserved 1122304K
  class space    used 10624K, capacity 11228K, committed 11264K, reserved 1048576K
Event: 636.949 GC heap after
Heap after GC invocations=14 (full 4):
 PSYoungGen      total 429568K, used 22738K [0x00000000e0000000, 0x0000000100000000, 0x0000000100000000)
  eden space 401408K, 0% used [0x00000000e0000000,0x00000000e0000000,0x00000000f8800000)
  from space 28160K, 80% used [0x00000000fe480000,0x00000000ffab4b60,0x0000000100000000)
  to   space 61440K, 0% used [0x00000000f8800000,0x00000000f8800000,0x00000000fc400000)
 ParOldGen       total 109568K, used 109304K [0x00000000a0000000, 0x00000000a6b00000, 0x00000000e0000000)
  object space 109568K, 99% used [0x00000000a0000000,0x00000000a6abe3d8,0x00000000a6b00000)
 Metaspace       used 80063K, capacity 82920K, committed 83160K, reserved 1122304K
  class space    used 10618K, capacity 11217K, committed 11264K, reserved 1048576K
}

Deoptimization events (10 events):
Event: 635.999 Thread 0x0000000057aaa800 Uncommon trap: reason=unstable_if action=reinterpret pc=0x00000000049613fc method=java.util.TimSort.mergeHi(IIII)V @ 131
Event: 637.365 Thread 0x000000005ad7a000 Uncommon trap: reason=array_check action=maybe_recompile pc=0x0000000004918994 method=java.util.TimSort.reverseRange([Ljava/lang/Object;II)V @ 20
Event: 637.365 Thread 0x000000005ad7a000 Uncommon trap: reason=array_check action=maybe_recompile pc=0x0000000004918994 method=java.util.TimSort.reverseRange([Ljava/lang/Object;II)V @ 20
Event: 637.384 Thread 0x000000005ad7e800 Uncommon trap: reason=unstable_if action=reinterpret pc=0x0000000003e265e4 method=java.io.BufferedInputStream.fill()V @ 9
Event: 637.384 Thread 0x000000005ad7e800 Uncommon trap: reason=bimorphic action=maybe_recompile pc=0x00000000038269dc method=java.io.DataInputStream.readUnsignedShort()I @ 4
Event: 637.384 Thread 0x000000005ad7e800 Uncommon trap: reason=bimorphic action=maybe_recompile pc=0x00000000038269dc method=java.io.DataInputStream.readUnsignedShort()I @ 4
Event: 637.444 Thread 0x000000005ad7e800 Uncommon trap: reason=unstable_if action=reinterpret pc=0x0000000003fbcd98 method=java.util.TreeSet.add(Ljava/lang/Object;)Z @ 13
Event: 637.457 Thread 0x000000005ad7e800 Uncommon trap: reason=class_check action=maybe_recompile pc=0x0000000002ce41e4 method=java.util.zip.InflaterInputStream.read([BII)I @ 100
Event: 637.483 Thread 0x000000005ad7e800 Uncommon trap: reason=class_check action=maybe_recompile pc=0x0000000003a21f18 method=java.io.BufferedWriter.flushBuffer()V @ 34
Event: 637.483 Thread 0x000000005ad7e800 Uncommon trap: reason=class_check action=maybe_recompile pc=0x000000000346a884 method=sun.nio.cs.StreamEncoder.writeBytes()V @ 120

Classes redefined (0 events):
No events

Internal exceptions (10 events):
Event: 634.615 Thread 0x0000000057aaa000 Implicit null exception at 0x0000000003a4deef to 0x0000000003a4dfe1
Event: 635.762 Thread 0x0000000057aaa800 Implicit null exception at 0x0000000004707c7f to 0x0000000004707de1
Event: 637.305 Thread 0x0000000057aaa800 Exception <a 'sun/nio/fs/WindowsException'> (0x00000000e1565b48) thrown at [D:\src\AOSP-openjdk-cygwin\jdk8u\hotspot\src\share\vm\prims\jni.cpp, line 710]
Event: 637.364 Thread 0x000000005ad7a000 Exception <a 'java/lang/NoSuchMethodError': <clinit>> (0x00000000e1aab7f8) thrown at [D:\src\AOSP-openjdk-cygwin\jdk8u\hotspot\src\share\vm\prims\jni.cpp, line 1614]
Event: 637.364 Thread 0x000000005ad7a000 Exception <a 'java/lang/NoSuchMethodError': <clinit>> (0x00000000e1aaf408) thrown at [D:\src\AOSP-openjdk-cygwin\jdk8u\hotspot\src\share\vm\prims\jni.cpp, line 1614]
Event: 637.365 Thread 0x000000005ad7a000 Exception <a 'java/lang/NoSuchMethodError': <clinit>> (0x00000000e1ac3270) thrown at [D:\src\AOSP-openjdk-cygwin\jdk8u\hotspot\src\share\vm\prims\jni.cpp, line 1614]
Event: 637.366 Thread 0x000000005ad7a000 Exception <a 'java/lang/NoSuchMethodError': <clinit>> (0x00000000e1aea2c8) thrown at [D:\src\AOSP-openjdk-cygwin\jdk8u\hotspot\src\share\vm\prims\jni.cpp, line 1614]
Event: 637.394 Thread 0x000000005ad7e800 Exception <a 'java/lang/NoSuchMethodError': java.lang.Object.newSystemTemporaryDirectory()Lcom/android/tools/build/apkzlib/bytestorage/TemporaryDirectory;> (0x00000000e1ef20f8) thrown at [D:\src\AOSP-openjdk-cygwin\jdk8u\hotspot\src\share\vm\interpreter\l
Event: 637.468 Thread 0x000000005ad7e800 Exception <a 'java/lang/NoSuchMethodError': java.lang.Object.lambda$static$0(Lcom/android/apksig/util/RunnablesProvider;)V> (0x00000000e24c63c0) thrown at [D:\src\AOSP-openjdk-cygwin\jdk8u\hotspot\src\share\vm\interpreter\linkResolver.cpp, line 620]
Event: 637.479 Thread 0x000000005ad7e800 Exception <a 'java/lang/OutOfMemoryError'> (0x00000000e2645188) thrown at [D:\src\AOSP-openjdk-cygwin\jdk8u\hotspot\src\share\vm\prims\jni.cpp, line 736]

Events (10 events):
Event: 637.487 loading class com/google/common/hash/ChecksumHashFunction
Event: 637.487 loading class com/google/common/hash/ChecksumHashFunction done
Event: 637.488 loading class com/google/common/hash/ChecksumHashFunction$ChecksumHasher
Event: 637.488 loading class com/google/common/hash/ChecksumHashFunction$ChecksumHasher done
Event: 637.489 loading class com/google/common/hash/Funnels
Event: 637.489 loading class com/google/common/hash/Funnels done
Event: 637.489 loading class com/google/common/hash/Funnels$SinkAsStream
Event: 637.489 loading class com/google/common/hash/Funnels$SinkAsStream done
Event: 637.489 loading class com/google/common/hash/Funnel
Event: 637.489 loading class com/google/common/hash/Funnel done


Dynamic libraries:
0x000000013ff60000 - 0x000000013ff91000 	D:\develop\android\jre\bin\java.exe
0x0000000077980000 - 0x0000000077b2a000 	C:\Windows\SYSTEM32\ntdll.dll
0x0000000077860000 - 0x000000007797f000 	C:\Windows\system32\kernel32.dll
0x000007fefdb10000 - 0x000007fefdb7a000 	C:\Windows\system32\KERNELBASE.dll
0x000007fefde50000 - 0x000007fefdf2b000 	C:\Windows\system32\ADVAPI32.dll
0x000007feffa60000 - 0x000007feffaff000 	C:\Windows\system32\msvcrt.dll
0x000007feff2e0000 - 0x000007feff2ff000 	C:\Windows\SYSTEM32\sechost.dll
0x000007fefdca0000 - 0x000007fefddcd000 	C:\Windows\system32\RPCRT4.dll
0x0000000077760000 - 0x000000007785a000 	C:\Windows\system32\USER32.dll
0x000007fefe060000 - 0x000007fefe0c7000 	C:\Windows\system32\GDI32.dll
0x000007feff470000 - 0x000007feff47e000 	C:\Windows\system32\LPK.dll
0x000007feff3a0000 - 0x000007feff46b000 	C:\Windows\system32\USP10.dll
0x000007fefc350000 - 0x000007fefc544000 	C:\Windows\WinSxS\amd64_microsoft.windows.common-controls_6595b64144ccf1df_6.0.7601.18837_none_fa3b1e3d17594757\COMCTL32.dll
0x000007feff260000 - 0x000007feff2d1000 	C:\Windows\system32\SHLWAPI.dll
0x000007fefddd0000 - 0x000007fefddfe000 	C:\Windows\system32\IMM32.DLL
0x000007feffb80000 - 0x000007feffc89000 	C:\Windows\system32\MSCTF.dll
0x0000000069840000 - 0x0000000069912000 	D:\develop\android\jre\jre\bin\msvcr100.dll
0x0000000061b30000 - 0x0000000062376000 	D:\develop\android\jre\jre\bin\server\jvm.dll
0x000007fefc340000 - 0x000007fefc349000 	C:\Windows\system32\WSOCK32.dll
0x000007fefde00000 - 0x000007fefde4d000 	C:\Windows\system32\WS2_32.dll
0x000007feff710000 - 0x000007feff718000 	C:\Windows\system32\NSI.dll
0x000007fef99a0000 - 0x000007fef99db000 	C:\Windows\system32\WINMM.dll
0x000007fefc9e0000 - 0x000007fefc9ec000 	C:\Windows\system32\VERSION.dll
0x0000000077b40000 - 0x0000000077b47000 	C:\Windows\system32\PSAPI.DLL
0x000007fefc330000 - 0x000007fefc33f000 	D:\develop\android\jre\jre\bin\verify.dll
0x000007fef8900000 - 0x000007fef8929000 	D:\develop\android\jre\jre\bin\java.dll
0x000007fef88e0000 - 0x000007fef88f6000 	D:\develop\android\jre\jre\bin\zip.dll
0x000007fefe4d0000 - 0x000007feff25b000 	C:\Windows\system32\SHELL32.dll
0x000007fefe2b0000 - 0x000007fefe4ac000 	C:\Windows\system32\ole32.dll
0x000007fefd890000 - 0x000007fefd89f000 	C:\Windows\system32\profapi.dll
0x000007fef88c0000 - 0x000007fef88da000 	D:\develop\android\jre\jre\bin\net.dll
0x000007fefd0f0000 - 0x000007fefd145000 	C:\Windows\system32\mswsock.dll
0x000007fefd0e0000 - 0x000007fefd0e7000 	C:\Windows\System32\wship6.dll
0x000007fef8870000 - 0x000007fef8881000 	D:\develop\android\jre\jre\bin\nio.dll
0x000007fef7650000 - 0x000007fef7676000 	C:\Users\Administrator\.gradle\native\29\windows-amd64\native-platform.dll
0x000007fef8df0000 - 0x000007fef8df3000 	C:\Windows\system32\api-ms-win-core-synch-l1-2-0.DLL
0x000007fefc320000 - 0x000007fefc32d000 	D:\develop\android\jre\jre\bin\management.dll
0x000007fefd150000 - 0x000007fefd168000 	C:\Windows\system32\CRYPTSP.dll
0x000007fefce50000 - 0x000007fefce97000 	C:\Windows\system32\rsaenh.dll
0x000007fefcbd0000 - 0x000007fefcbee000 	C:\Windows\system32\USERENV.dll
0x000007fefd7c0000 - 0x000007fefd7cf000 	C:\Windows\system32\CRYPTBASE.dll
0x000007fefb440000 - 0x000007fefb467000 	C:\Windows\system32\IPHLPAPI.DLL
0x000007fefb430000 - 0x000007fefb43b000 	C:\Windows\system32\WINNSI.DLL
0x000007fefac70000 - 0x000007fefac81000 	C:\Windows\system32\dhcpcsvc6.DLL
0x000007fefac50000 - 0x000007fefac68000 	C:\Windows\system32\dhcpcsvc.DLL

VM Arguments:
jvm_args: -Xmx1536m -Dfile.encoding=GBK -Duser.country=CN -Duser.language=zh -Duser.variant 
java_command: org.gradle.launcher.daemon.bootstrap.GradleDaemon 5.4.1
java_class_path (initial): C:\Users\Administrator\.gradle\wrapper\dists\gradle-5.4.1-all\3221gyojl5jsh0helicew7rwx\gradle-5.4.1\lib\gradle-launcher-5.4.1.jar
Launcher Type: SUN_STANDARD

Environment Variables:
JAVA_HOME=C:\Java\jdk1.8.0_101
PATH=C:\Windows\system32;C:\Windows;C:\Windows\System32\Wbem;C:\Windows\System32\WindowsPowerShell\v1.0\;D:\develop\git\Git\cmd;C:\Java\jdk1.8.0_101\bin;D:\develop\tomcat7\bin;D:\develop\mysql8\bin;D:\develop\maven-3.6.2\bin;
USERNAME=Administrator
OS=Windows_NT
PROCESSOR_IDENTIFIER=Intel64 Family 6 Model 158 Stepping 9, GenuineIntel



---------------  S Y S T E M  ---------------

OS: Windows 7 , 64 bit Build 7601 (6.1.7601.23807)

CPU:total 4 (initial active 4) (2 cores per cpu, 2 threads per core) family 6 model 158 stepping 9, cmov, cx8, fxsr, mmx, sse, sse2, sse3, ssse3, sse4.1, sse4.2, popcnt, avx, avx2, aes, clmul, erms, 3dnowpref, lzcnt, ht, tsc, tscinvbit, bmi1, bmi2, adx

Memory: 4k page, physical 8304764k(968596k free), swap 8302904k(6468k free)

vm_info: OpenJDK 64-Bit Server VM (25.202-b03) for windows-amd64 JRE (1.8.0_202-release-1483-b03), built by "builder" with MS VC++ 10.0 (VS2010)

time: Mon Oct 14 10:23:13 2019
timezone: 中国标准时间
elapsed time: 637 seconds (0d 0h 10m 37s)

