#
# There is insufficient memory for the Java Runtime Environment to continue.
# Native memory allocation (malloc) failed to allocate 32744 bytes for ChunkPool::allocate
# Possible reasons:
#   The system is out of physical RAM or swap space
#   The process is running with CompressedOops enabled, and the Java Heap may be blocking the growth of the native heap
# Possible solutions:
#   Reduce memory load on the system
#   Increase physical memory or swap space
#   Check if swap backing store is full
#   Decrease Java heap size (-Xmx/-Xms)
#   Decrease number of Java threads
#   Decrease Java thread stack sizes (-Xss)
#   Set larger code cache with -XX:ReservedCodeCacheSize=
#   JVM is running with Unscaled Compressed Oops mode in which the Java heap is
#     placed in the first 4GB address space. The Java Heap base address is the
#     maximum limit for the native heap growth. Please use -XX:HeapBaseMinAddress
#     to set the Java Heap base and to place the Java Heap above 4GB virtual address.
# This output file may be truncated or incomplete.
#
#  Out of Memory Error (allocation.cpp:272), pid=1464, tid=0x0000000000001f04
#
# JRE version: OpenJDK Runtime Environment (8.0_202-b03) (build 1.8.0_202-release-1483-b03)
# Java VM: OpenJDK 64-Bit Server VM (25.202-b03 mixed mode windows-amd64 compressed oops)
# Failed to write core dump. Minidumps are not enabled by default on client versions of Windows
#

---------------  T H R E A D  ---------------

Current thread (0x000000005654b000):  JavaThread "C2 CompilerThread0" daemon [_thread_in_native, id=7940, stack(0x00000000580b0000,0x00000000581b0000)]

Stack: [0x00000000580b0000,0x00000000581b0000]
[error occurred during error reporting (printing stack bounds), id 0xc0000005]

Native frames: (J=compiled Java code, j=interpreted, Vv=VM code, C=native code)


Current CompileTask:
C2: 472107 10831       4       com.android.tools.r8.code.InstructionFactory::readSequenceFrom (4072 bytes)


---------------  P R O C E S S  ---------------

Java Threads: ( => current thread )
  0x000000005d0c0800 JavaThread "ForkJoinPool-4-worker-0" daemon [_thread_blocked, id=7820, stack(0x0000000066740000,0x0000000066840000)]
  0x000000005d0bf800 JavaThread "ForkJoinPool-4-worker-3" daemon [_thread_blocked, id=6192, stack(0x0000000065a40000,0x0000000065b40000)]
  0x000000005d0bf000 JavaThread "ForkJoinPool-4-worker-2" daemon [_thread_in_Java, id=7400, stack(0x0000000065420000,0x0000000065520000)]
  0x000000005f802000 JavaThread "ForkJoinPool-4-worker-1" daemon [_thread_blocked, id=6952, stack(0x00000000665a0000,0x00000000666a0000)]
  0x000000005f801800 JavaThread "WorkerExecutor Queue Thread 4" [_thread_blocked, id=8684, stack(0x0000000065b80000,0x0000000065c80000)]
  0x000000005f800800 JavaThread "WorkerExecutor Queue Thread 3" [_thread_blocked, id=1272, stack(0x0000000065540000,0x0000000065640000)]
  0x000000005f7ff800 JavaThread "WorkerExecutor Queue Thread 2" [_thread_blocked, id=7552, stack(0x00000000652f0000,0x00000000653f0000)]
  0x000000005f7ff000 JavaThread "WorkerExecutor Queue" [_thread_blocked, id=8100, stack(0x000000005eeb0000,0x000000005efb0000)]
  0x000000005f7fc800 JavaThread "Cache worker for Java compile cache (D:\wanglin\AndroidStudioProjects\house\.gradle\5.4.1\javaCompile)" [_thread_blocked, id=8600, stack(0x0000000064da0000,0x0000000064ea0000)]
  0x000000005f7fc000 JavaThread "Cache worker for Java compile cache (C:\Users\Administrator\.gradle\caches\5.4.1\javaCompile)" [_thread_blocked, id=6236, stack(0x0000000061a30000,0x0000000061b30000)]
  0x000000005f7fb000 JavaThread "Cache worker for execution history cache (D:\wanglin\AndroidStudioProjects\house\.gradle\5.4.1\executionHistory)" [_thread_blocked, id=8300, stack(0x0000000064a60000,0x0000000064b60000)]
  0x0000000059cc8800 JavaThread "Execution worker for ':' Thread 3" [_thread_blocked, id=8476, stack(0x0000000060f30000,0x0000000061030000)]
  0x0000000059cc9000 JavaThread "Execution worker for ':' Thread 2" [_thread_blocked, id=7372, stack(0x0000000064950000,0x0000000064a50000)]
  0x0000000059cc7000 JavaThread "Execution worker for ':'" [_thread_blocked, id=1760, stack(0x0000000057fb0000,0x00000000580b0000)]
  0x0000000059cc5800 JavaThread "Cache worker for file content cache (D:\wanglin\AndroidStudioProjects\house\.gradle\5.4.1\fileContent)" [_thread_blocked, id=7688, stack(0x0000000064530000,0x0000000064630000)]
  0x0000000059cc7800 JavaThread "Cache worker for Build Output Cleanup Cache (D:\wanglin\AndroidStudioProjects\house\.gradle\buildOutputCleanup)" [_thread_blocked, id=8792, stack(0x0000000064830000,0x0000000064930000)]
  0x000000005e7ce800 JavaThread "Build operations Thread 4" [_thread_blocked, id=8232, stack(0x0000000064160000,0x0000000064260000)]
  0x000000005e7cd000 JavaThread "Build operations Thread 3" [_thread_blocked, id=7456, stack(0x0000000063d30000,0x0000000063e30000)]
  0x000000005e7c8800 JavaThread "Build operations Thread 2" [_thread_blocked, id=2324, stack(0x0000000063ba0000,0x0000000063ca0000)]
  0x000000005e7c9000 JavaThread "Build operations" [_thread_blocked, id=7816, stack(0x0000000061b30000,0x0000000061c30000)]
  0x000000005e7c7800 JavaThread "Cache worker for cache directory md-rule (C:\Users\Administrator\.gradle\caches\5.4.1\md-rule)" [_thread_blocked, id=6056, stack(0x0000000061930000,0x0000000061a30000)]
  0x000000005e7cb800 JavaThread "Cache worker for cache directory md-supplier (C:\Users\Administrator\.gradle\caches\5.4.1\md-supplier)" [_thread_blocked, id=8776, stack(0x0000000060df0000,0x0000000060ef0000)]
  0x000000005e7ca000 JavaThread "Cache worker for file hash cache (D:\wanglin\AndroidStudioProjects\house\.gradle\5.4.1\fileHashes)" [_thread_blocked, id=8880, stack(0x0000000060cf0000,0x0000000060df0000)]
  0x000000005e7ca800 JavaThread "Thread-50" [_thread_blocked, id=6992, stack(0x0000000060ba0000,0x0000000060ca0000)]
  0x000000005e7cc000 JavaThread "Stdin handler" [_thread_blocked, id=8832, stack(0x0000000057b60000,0x0000000057c60000)]
  0x000000005e7c7000 JavaThread "Asynchronous log dispatcher for DefaultDaemonConnection: socket connection from /127.0.0.1:52092 to /127.0.0.1:52621" [_thread_blocked, id=4436, stack(0x000000005efb0000,0x000000005f0b0000)]
  0x000000005e7c3000 JavaThread "Daemon worker Thread 2" [_thread_blocked, id=8244, stack(0x000000005c130000,0x000000005c230000)]
  0x000000005e7c4000 JavaThread "Cancel handler" [_thread_blocked, id=5012, stack(0x000000005bca0000,0x000000005bda0000)]
  0x000000005e7c2800 JavaThread "Handler for socket connection from /127.0.0.1:52092 to /127.0.0.1:52621" [_thread_in_native, id=6640, stack(0x000000005bdd0000,0x000000005bed0000)]
  0x000000005e7c5800 JavaThread "Daemon Thread 2" [_thread_blocked, id=392, stack(0x000000005bb60000,0x000000005bc60000)]
  0x000000005e7cd800 JavaThread "Cache worker for file content cache (C:\Users\Administrator\.gradle\caches\5.4.1\fileContent)" [_thread_blocked, id=7664, stack(0x0000000061190000,0x0000000061290000)]
  0x000000005e7c1800 JavaThread "Memory manager" [_thread_blocked, id=8452, stack(0x0000000061070000,0x0000000061170000)]
  0x0000000059cc4000 JavaThread "Cache worker for execution history cache (C:\Users\Administrator\.gradle\caches\5.4.1\executionHistory)" [_thread_blocked, id=4288, stack(0x0000000060390000,0x0000000060490000)]
  0x0000000059cbc800 JavaThread "Cache worker for journal cache (C:\Users\Administrator\.gradle\caches\journal-1)" [_thread_blocked, id=8912, stack(0x000000005c410000,0x000000005c510000)]
  0x0000000059cbb800 JavaThread "File lock request listener" [_thread_in_native, id=8336, stack(0x000000005c310000,0x000000005c410000)]
  0x0000000059cbb000 JavaThread "Cache worker for file hash cache (C:\Users\Administrator\.gradle\caches\5.4.1\fileHashes)" [_thread_blocked, id=3456, stack(0x000000005bf70000,0x000000005c070000)]
  0x0000000058898000 JavaThread "Daemon periodic checks" [_thread_blocked, id=8708, stack(0x000000005b560000,0x000000005b660000)]
  0x0000000057b18800 JavaThread "Incoming local TCP Connector on port 52092" [_thread_in_native, id=8944, stack(0x000000005b3f0000,0x000000005b4f0000)]
  0x0000000059b33800 JavaThread "Daemon health stats" [_thread_blocked, id=8460, stack(0x0000000058ef0000,0x0000000058ff0000)]
  0x0000000057784800 JavaThread "Service Thread" daemon [_thread_blocked, id=8292, stack(0x0000000058570000,0x0000000058670000)]
  0x000000005777e000 JavaThread "C1 CompilerThread2" daemon [_thread_blocked, id=1320, stack(0x0000000058450000,0x0000000058550000)]
  0x000000005777d000 JavaThread "C2 CompilerThread1" daemon [_thread_in_native, id=8972, stack(0x0000000058310000,0x0000000058410000)]
=>0x000000005654b000 JavaThread "C2 CompilerThread0" daemon [_thread_in_native, id=7940, stack(0x00000000580b0000,0x00000000581b0000)]
  0x0000000057768800 JavaThread "Attach Listener" daemon [_thread_blocked, id=7060, stack(0x0000000057e70000,0x0000000057f70000)]
  0x000000005653c800 JavaThread "Signal Dispatcher" daemon [_thread_blocked, id=9196, stack(0x0000000057c80000,0x0000000057d80000)]
  0x0000000056522800 JavaThread "Finalizer" daemon [_thread_blocked, id=8500, stack(0x0000000057660000,0x0000000057760000)]
  0x0000000056521000 JavaThread "Reference Handler" daemon [_thread_blocked, id=8548, stack(0x0000000057560000,0x0000000057660000)]
  0x000000000256e800 JavaThread "main" [_thread_blocked, id=8616, stack(0x0000000002720000,0x0000000002820000)]

Other Threads:
  0x00000000564d9800 VMThread [stack: 0x00000000573e0000,0x00000000574e0000] [id=9192]
  0x0000000057785800 WatcherThread [stack: 0x00000000581e0000,0x00000000582e0000] [id=8272]

VM state:not at safepoint (normal execution)

VM Mutex/Monitor currently owned by a thread: None

heap address: 0x00000000a0000000, size: 1536 MB, Compressed Oops mode: 32-bit
Narrow klass base: 0x0000000000000000, Narrow klass shift: 0
Compressed class space size: 1073741824 Address: 0x0000000015b50000

Heap:
 PSYoungGen      total 408576K, used 279680K [0x00000000e0000000, 0x00000000fa800000, 0x0000000100000000)
  eden space 384000K, 67% used [0x00000000e0000000,0x00000000efd43440,0x00000000f7700000)
  from space 24576K, 82% used [0x00000000f7800000,0x00000000f8bdccf0,0x00000000f9000000)
  to   space 16896K, 0% used [0x00000000f9780000,0x00000000f9780000,0x00000000fa800000)
 ParOldGen       total 107520K, used 30912K [0x00000000a0000000, 0x00000000a6900000, 0x00000000e0000000)
  object space 107520K, 28% used [0x00000000a0000000,0x00000000a1e301d0,0x00000000a6900000)
 Metaspace       used 78926K, capacity 81855K, committed 82136K, reserved 1120256K
  class space    used 10576K, capacity 11155K, committed 11224K, reserved 1048576K

Card table byte_map: [0x0000000011be0000,0x0000000011ef0000] byte_map_base: 0x00000000116e0000

Marking Bits: (ParMarkBitMap*) 0x0000000069b59f30
 Begin Bits: [0x0000000012850000, 0x0000000014050000)
 End Bits:   [0x0000000014050000, 0x0000000015850000)

Polling page: 0x0000000000230000

CodeCache: size=245760Kb used=31551Kb max_used=31551Kb free=214208Kb
 bounds [0x0000000002820000, 0x0000000004720000, 0x0000000011820000]
 total_blobs=10312 nmethods=9476 adapters=748
 compilation: enabled

Compilation events (10 events):
Event: 472.025 Thread 0x000000005777e000 10882       2       java.util.Arrays::hashCode (44 bytes)
Event: 472.025 Thread 0x000000005777e000 nmethod 10882 0x000000000470ee10 code [0x000000000470ef60, 0x000000000470f130]
Event: 472.035 Thread 0x000000005777e000 10884 %     3       com.android.tools.r8.n.a.a.a.g.f0::e @ 58 (191 bytes)
Event: 472.035 Thread 0x000000005777e000 nmethod 10884% 0x000000000470f250 code [0x000000000470f4a0, 0x0000000004710188]
Event: 472.036 Thread 0x000000005777e000 10885       3       com.android.tools.r8.n.a.a.a.g.f0::e (191 bytes)
Event: 472.036 Thread 0x000000005777e000 nmethod 10885 0x0000000004710ad0 code [0x0000000004710d00, 0x00000000047118a8]
Event: 472.048 Thread 0x000000005777e000 10888       2       com.android.tools.r8.code.h0::hashCode (21 bytes)
Event: 472.048 Thread 0x000000005777e000 nmethod 10888 0x0000000004712050 code [0x00000000047121c0, 0x0000000004712368]
Event: 472.052 Thread 0x000000005777e000 10889       2       com.android.tools.r8.code.c::<init> (7 bytes)
Event: 472.052 Thread 0x000000005777e000 nmethod 10889 0x0000000004712410 code [0x0000000004712560, 0x0000000004712710]

GC Heap History (10 events):
Event: 6.914 GC heap before
{Heap before GC invocations=8 (full 2):
 PSYoungGen      total 246272K, used 10121K [0x00000000e0000000, 0x00000000f0400000, 0x0000000100000000)
  eden space 235520K, 0% used [0x00000000e0000000,0x00000000e0000000,0x00000000ee600000)
  from space 10752K, 94% used [0x00000000ef980000,0x00000000f0362710,0x00000000f0400000)
  to   space 15360K, 0% used [0x00000000ee600000,0x00000000ee600000,0x00000000ef500000)
 ParOldGen       total 57344K, used 18555K [0x00000000a0000000, 0x00000000a3800000, 0x00000000e0000000)
  object space 57344K, 32% used [0x00000000a0000000,0x00000000a121ed30,0x00000000a3800000)
 Metaspace       used 34504K, capacity 35192K, committed 35416K, reserved 1079296K
  class space    used 4742K, capacity 4937K, committed 4952K, reserved 1048576K
Event: 7.058 GC heap after
Heap after GC invocations=8 (full 2):
 PSYoungGen      total 246272K, used 0K [0x00000000e0000000, 0x00000000f0400000, 0x0000000100000000)
  eden space 235520K, 0% used [0x00000000e0000000,0x00000000e0000000,0x00000000ee600000)
  from space 10752K, 0% used [0x00000000ef980000,0x00000000ef980000,0x00000000f0400000)
  to   space 15360K, 0% used [0x00000000ee600000,0x00000000ee600000,0x00000000ef500000)
 ParOldGen       total 77312K, used 17160K [0x00000000a0000000, 0x00000000a4b80000, 0x00000000e0000000)
  object space 77312K, 22% used [0x00000000a0000000,0x00000000a10c21b0,0x00000000a4b80000)
 Metaspace       used 34504K, capacity 35192K, committed 35416K, reserved 1079296K
  class space    used 4742K, capacity 4937K, committed 4952K, reserved 1048576K
}
Event: 10.654 GC heap before
{Heap before GC invocations=9 (full 2):
 PSYoungGen      total 246272K, used 235520K [0x00000000e0000000, 0x00000000f0400000, 0x0000000100000000)
  eden space 235520K, 100% used [0x00000000e0000000,0x00000000ee600000,0x00000000ee600000)
  from space 10752K, 0% used [0x00000000ef980000,0x00000000ef980000,0x00000000f0400000)
  to   space 15360K, 0% used [0x00000000ee600000,0x00000000ee600000,0x00000000ef500000)
 ParOldGen       total 77312K, used 17160K [0x00000000a0000000, 0x00000000a4b80000, 0x00000000e0000000)
  object space 77312K, 22% used [0x00000000a0000000,0x00000000a10c21b0,0x00000000a4b80000)
 Metaspace       used 55488K, capacity 56970K, committed 57048K, reserved 1097728K
  class space    used 7510K, capacity 7876K, committed 7896K, reserved 1048576K
Event: 10.718 GC heap after
Heap after GC invocations=9 (full 2):
 PSYoungGen      total 250880K, used 15351K [0x00000000e0000000, 0x00000000faf00000, 0x0000000100000000)
  eden space 235520K, 0% used [0x00000000e0000000,0x00000000e0000000,0x00000000ee600000)
  from space 15360K, 99% used [0x00000000ee600000,0x00000000ef4fddc0,0x00000000ef500000)
  to   space 24064K, 0% used [0x00000000f9780000,0x00000000f9780000,0x00000000faf00000)
 ParOldGen       total 77312K, used 29745K [0x00000000a0000000, 0x00000000a4b80000, 0x00000000e0000000)
  object space 77312K, 38% used [0x00000000a0000000,0x00000000a1d0c7a0,0x00000000a4b80000)
 Metaspace       used 55488K, capacity 56970K, committed 57048K, reserved 1097728K
  class space    used 7510K, capacity 7876K, committed 7896K, reserved 1048576K
}
Event: 11.760 GC heap before
{Heap before GC invocations=10 (full 2):
 PSYoungGen      total 250880K, used 66882K [0x00000000e0000000, 0x00000000faf00000, 0x0000000100000000)
  eden space 235520K, 21% used [0x00000000e0000000,0x00000000e3252c80,0x00000000ee600000)
  from space 15360K, 99% used [0x00000000ee600000,0x00000000ef4fddc0,0x00000000ef500000)
  to   space 24064K, 0% used [0x00000000f9780000,0x00000000f9780000,0x00000000faf00000)
 ParOldGen       total 77312K, used 29745K [0x00000000a0000000, 0x00000000a4b80000, 0x00000000e0000000)
  object space 77312K, 38% used [0x00000000a0000000,0x00000000a1d0c7a0,0x00000000a4b80000)
 Metaspace       used 57437K, capacity 59019K, committed 59028K, reserved 1099776K
  class space    used 7766K, capacity 8143K, committed 8152K, reserved 1048576K
Event: 11.787 GC heap after
Heap after GC invocations=10 (full 2):
 PSYoungGen      total 400896K, used 16474K [0x00000000e0000000, 0x00000000fa800000, 0x0000000100000000)
  eden space 384000K, 0% used [0x00000000e0000000,0x00000000e0000000,0x00000000f7700000)
  from space 16896K, 97% used [0x00000000f9780000,0x00000000fa796a88,0x00000000fa800000)
  to   space 24576K, 0% used [0x00000000f7800000,0x00000000f7800000,0x00000000f9000000)
 ParOldGen       total 77312K, used 29753K [0x00000000a0000000, 0x00000000a4b80000, 0x00000000e0000000)
  object space 77312K, 38% used [0x00000000a0000000,0x00000000a1d0e7a0,0x00000000a4b80000)
 Metaspace       used 57437K, capacity 59019K, committed 59028K, reserved 1099776K
  class space    used 7766K, capacity 8143K, committed 8152K, reserved 1048576K
}
Event: 11.787 GC heap before
{Heap before GC invocations=11 (full 3):
 PSYoungGen      total 400896K, used 16474K [0x00000000e0000000, 0x00000000fa800000, 0x0000000100000000)
  eden space 384000K, 0% used [0x00000000e0000000,0x00000000e0000000,0x00000000f7700000)
  from space 16896K, 97% used [0x00000000f9780000,0x00000000fa796a88,0x00000000fa800000)
  to   space 24576K, 0% used [0x00000000f7800000,0x00000000f7800000,0x00000000f9000000)
 ParOldGen       total 77312K, used 29753K [0x00000000a0000000, 0x00000000a4b80000, 0x00000000e0000000)
  object space 77312K, 38% used [0x00000000a0000000,0x00000000a1d0e7a0,0x00000000a4b80000)
 Metaspace       used 57437K, capacity 59019K, committed 59028K, reserved 1099776K
  class space    used 7766K, capacity 8143K, committed 8152K, reserved 1048576K
Event: 12.077 GC heap after
Heap after GC invocations=11 (full 3):
 PSYoungGen      total 400896K, used 0K [0x00000000e0000000, 0x00000000fa800000, 0x0000000100000000)
  eden space 384000K, 0% used [0x00000000e0000000,0x00000000e0000000,0x00000000f7700000)
  from space 16896K, 0% used [0x00000000f9780000,0x00000000f9780000,0x00000000fa800000)
  to   space 24576K, 0% used [0x00000000f7800000,0x00000000f7800000,0x00000000f9000000)
 ParOldGen       total 107520K, used 30904K [0x00000000a0000000, 0x00000000a6900000, 0x00000000e0000000)
  object space 107520K, 28% used [0x00000000a0000000,0x00000000a1e2e1d0,0x00000000a6900000)
 Metaspace       used 57432K, capacity 59001K, committed 59028K, reserved 1099776K
  class space    used 7764K, capacity 8140K, committed 8152K, reserved 1048576K
}
Event: 468.398 GC heap before
{Heap before GC invocations=12 (full 3):
 PSYoungGen      total 400896K, used 384000K [0x00000000e0000000, 0x00000000fa800000, 0x0000000100000000)
  eden space 384000K, 100% used [0x00000000e0000000,0x00000000f7700000,0x00000000f7700000)
  from space 16896K, 0% used [0x00000000f9780000,0x00000000f9780000,0x00000000fa800000)
  to   space 24576K, 0% used [0x00000000f7800000,0x00000000f7800000,0x00000000f9000000)
 ParOldGen       total 107520K, used 30904K [0x00000000a0000000, 0x00000000a6900000, 0x00000000e0000000)
  object space 107520K, 28% used [0x00000000a0000000,0x00000000a1e2e1d0,0x00000000a6900000)
 Metaspace       used 66173K, capacity 68359K, committed 68696K, reserved 1107968K
  class space    used 8724K, capacity 9213K, committed 9304K, reserved 1048576K
Event: 468.418 GC heap after
Heap after GC invocations=12 (full 3):
 PSYoungGen      total 408576K, used 20339K [0x00000000e0000000, 0x00000000fa800000, 0x0000000100000000)
  eden space 384000K, 0% used [0x00000000e0000000,0x00000000e0000000,0x00000000f7700000)
  from space 24576K, 82% used [0x00000000f7800000,0x00000000f8bdccf0,0x00000000f9000000)
  to   space 16896K, 0% used [0x00000000f9780000,0x00000000f9780000,0x00000000fa800000)
 ParOldGen       total 107520K, used 30912K [0x00000000a0000000, 0x00000000a6900000, 0x00000000e0000000)
  object space 107520K, 28% used [0x00000000a0000000,0x00000000a1e301d0,0x00000000a6900000)
 Metaspace       used 66173K, capacity 68359K, committed 68696K, reserved 1107968K
  class space    used 8724K, capacity 9213K, committed 9304K, reserved 1048576K
}

Deoptimization events (10 events):
Event: 471.752 Thread 0x000000005f801800 Uncommon trap: reason=unstable_if action=reinterpret pc=0x00000000045f46ec method=com.android.tools.r8.utils.LebUtils.parseUleb128(Lcom/android/tools/r8/dex/BinaryReader;)I @ 26
Event: 471.846 Thread 0x000000005f801800 Uncommon trap: reason=unstable_if action=reinterpret pc=0x00000000046424b4 method=com.android.tools.r8.utils.t.a(I)Z @ 45
Event: 471.846 Thread 0x000000005f801800 Uncommon trap: reason=unstable_if action=reinterpret pc=0x0000000004606ec0 method=com.android.tools.r8.utils.t.a(I)Z @ 45
Event: 471.885 Thread 0x000000005d0c0800 Uncommon trap: reason=unstable_if action=reinterpret pc=0x0000000003aac4b0 method=java.util.Arrays.hashCode([Ljava/lang/Object;)I @ 1
Event: 471.885 Thread 0x000000005f802000 Uncommon trap: reason=unstable_if action=reinterpret pc=0x0000000003aac4b0 method=java.util.Arrays.hashCode([Ljava/lang/Object;)I @ 1
Event: 471.885 Thread 0x000000005d0bf800 Uncommon trap: reason=unstable_if action=reinterpret pc=0x0000000003aac4b0 method=java.util.Arrays.hashCode([Ljava/lang/Object;)I @ 1
Event: 471.885 Thread 0x000000005d0bf000 Uncommon trap: reason=unstable_if action=reinterpret pc=0x0000000003aac4b0 method=java.util.Arrays.hashCode([Ljava/lang/Object;)I @ 1
Event: 471.889 Thread 0x000000005f802000 Uncommon trap: reason=unstable_if action=reinterpret pc=0x00000000045f41c0 method=com.android.tools.r8.utils.LebUtils.parseUleb128(Lcom/android/tools/r8/dex/BinaryReader;)I @ 26
Event: 471.890 Thread 0x000000005d0c0800 Uncommon trap: reason=unstable_if action=reinterpret pc=0x000000000464a628 method=com.android.tools.r8.dex.DexParser.a(ILjava/util/function/Supplier;)Ljava/lang/Object; @ 1
Event: 471.914 Thread 0x000000005d0bf000 Uncommon trap: reason=unstable_if action=reinterpret pc=0x000000000463cf40 method=com.android.tools.r8.n.a.a.a.g.f0.get(I)Ljava/lang/Object; @ 1

Classes redefined (0 events):
No events

Internal exceptions (10 events):
Event: 470.941 Thread 0x000000005f7ff000 Exception <a 'sun/nio/fs/WindowsException'> (0x00000000e88e4bc0) thrown at [D:\src\AOSP-openjdk-cygwin\jdk8u\hotspot\src\share\vm\prims\jni.cpp, line 710]
Event: 471.202 Thread 0x000000005f7ff000 Exception <a 'java/lang/NoSuchMethodError': java.lang.Object.lambda$maxBy$1(Ljava/util/Comparator;Ljava/lang/Object;Ljava/lang/Object;)Ljava/lang/Object;> (0x00000000e9601a70) thrown at [D:\src\AOSP-openjdk-cygwin\jdk8u\hotspot\src\share\vm\interpreter\li
Event: 471.346 Thread 0x000000005f7ff000 Exception <a 'sun/nio/fs/WindowsException'> (0x00000000e9f12938) thrown at [D:\src\AOSP-openjdk-cygwin\jdk8u\hotspot\src\share\vm\prims\jni.cpp, line 710]
Event: 471.440 Thread 0x0000000059cc8800 Exception <a 'java/lang/NoSuchMethodError': <clinit>> (0x00000000ea254288) thrown at [D:\src\AOSP-openjdk-cygwin\jdk8u\hotspot\src\share\vm\prims\jni.cpp, line 1614]
Event: 471.441 Thread 0x0000000059cc8800 Exception <a 'java/lang/NoSuchMethodError': <clinit>> (0x00000000ea267428) thrown at [D:\src\AOSP-openjdk-cygwin\jdk8u\hotspot\src\share\vm\prims\jni.cpp, line 1614]
Event: 471.696 Thread 0x000000005f801800 Exception <a 'sun/nio/fs/WindowsException'> (0x00000000eacd22a0) thrown at [D:\src\AOSP-openjdk-cygwin\jdk8u\hotspot\src\share\vm\prims\jni.cpp, line 710]
Event: 471.885 Thread 0x000000005d0c0800 Implicit null exception at 0x0000000003aac3af to 0x0000000003aac4a1
Event: 471.885 Thread 0x000000005f802000 Implicit null exception at 0x0000000003aac3af to 0x0000000003aac4a1
Event: 471.885 Thread 0x000000005d0bf800 Implicit null exception at 0x0000000003aac3af to 0x0000000003aac4a1
Event: 471.885 Thread 0x000000005d0bf000 Implicit null exception at 0x0000000003aac3af to 0x0000000003aac4a1

Events (10 events):
Event: 471.913 Executing VM operation: RevokeBias done
Event: 471.913 loading class com/android/tools/r8/graph/DexDebugEvent$AdvancePC
Event: 471.913 loading class com/android/tools/r8/graph/DexDebugEvent$AdvancePC done
Event: 471.914 Thread 0x000000005d0bf000 Uncommon trap: trap_request=0xffffff65 fr.pc=0x000000000463cf40
Event: 471.914 Thread 0x000000005d0bf000 DEOPT PACKING pc=0x000000000463cf40 sp=0x000000006551f060
Event: 471.914 Thread 0x000000005d0bf000 DEOPT UNPACKING pc=0x000000000286557b sp=0x000000006551f000 mode 2
Event: 471.925 loading class com/android/tools/r8/graph/DexDebugEvent$c
Event: 471.925 loading class com/android/tools/r8/graph/DexDebugEvent$c done
Event: 471.925 loading class com/android/tools/r8/graph/DexDebugEvent$c
Event: 471.925 loading class com/android/tools/r8/graph/DexDebugEvent$c done


Dynamic libraries:
0x000000013f760000 - 0x000000013f791000 	D:\develop\android\jre\bin\java.exe
0x0000000077980000 - 0x0000000077b2a000 	C:\Windows\SYSTEM32\ntdll.dll
0x0000000077860000 - 0x000000007797f000 	C:\Windows\system32\kernel32.dll
0x000007fefdb10000 - 0x000007fefdb7a000 	C:\Windows\system32\KERNELBASE.dll
0x000007fefde50000 - 0x000007fefdf2b000 	C:\Windows\system32\ADVAPI32.dll
0x000007feffa60000 - 0x000007feffaff000 	C:\Windows\system32\msvcrt.dll
0x000007feff2e0000 - 0x000007feff2ff000 	C:\Windows\SYSTEM32\sechost.dll
0x000007fefdca0000 - 0x000007fefddcd000 	C:\Windows\system32\RPCRT4.dll
0x0000000077760000 - 0x000000007785a000 	C:\Windows\system32\USER32.dll
0x000007fefe060000 - 0x000007fefe0c7000 	C:\Windows\system32\GDI32.dll
0x000007feff470000 - 0x000007feff47e000 	C:\Windows\system32\LPK.dll
0x000007feff3a0000 - 0x000007feff46b000 	C:\Windows\system32\USP10.dll
0x000007fefc350000 - 0x000007fefc544000 	C:\Windows\WinSxS\amd64_microsoft.windows.common-controls_6595b64144ccf1df_6.0.7601.18837_none_fa3b1e3d17594757\COMCTL32.dll
0x000007feff260000 - 0x000007feff2d1000 	C:\Windows\system32\SHLWAPI.dll
0x000007fefddd0000 - 0x000007fefddfe000 	C:\Windows\system32\IMM32.DLL
0x000007feffb80000 - 0x000007feffc89000 	C:\Windows\system32\MSCTF.dll
0x00000000690d0000 - 0x00000000691a2000 	D:\develop\android\jre\jre\bin\msvcr100.dll
0x0000000069390000 - 0x0000000069bd6000 	D:\develop\android\jre\jre\bin\server\jvm.dll
0x000007fef41b0000 - 0x000007fef41b9000 	C:\Windows\system32\WSOCK32.dll
0x000007fefde00000 - 0x000007fefde4d000 	C:\Windows\system32\WS2_32.dll
0x000007feff710000 - 0x000007feff718000 	C:\Windows\system32\NSI.dll
0x000007fef99a0000 - 0x000007fef99db000 	C:\Windows\system32\WINMM.dll
0x000007fefc9e0000 - 0x000007fefc9ec000 	C:\Windows\system32\VERSION.dll
0x0000000077b40000 - 0x0000000077b47000 	C:\Windows\system32\PSAPI.DLL
0x000007fef8880000 - 0x000007fef888f000 	D:\develop\android\jre\jre\bin\verify.dll
0x000007fef8850000 - 0x000007fef8879000 	D:\develop\android\jre\jre\bin\java.dll
0x000007fef8820000 - 0x000007fef8836000 	D:\develop\android\jre\jre\bin\zip.dll
0x000007fefe4d0000 - 0x000007feff25b000 	C:\Windows\system32\SHELL32.dll
0x000007fefe2b0000 - 0x000007fefe4ac000 	C:\Windows\system32\ole32.dll
0x000007fefd890000 - 0x000007fefd89f000 	C:\Windows\system32\profapi.dll
0x000007fef8800000 - 0x000007fef881a000 	D:\develop\android\jre\jre\bin\net.dll
0x000007fefd0f0000 - 0x000007fefd145000 	C:\Windows\system32\mswsock.dll
0x000007fefd0e0000 - 0x000007fefd0e7000 	C:\Windows\System32\wship6.dll
0x000007fef87e0000 - 0x000007fef87f1000 	D:\develop\android\jre\jre\bin\nio.dll
0x000007fef4140000 - 0x000007fef4166000 	C:\Users\Administrator\.gradle\native\29\windows-amd64\native-platform.dll
0x000007fef8df0000 - 0x000007fef8df3000 	C:\Windows\system32\api-ms-win-core-synch-l1-2-0.DLL
0x000007fef87d0000 - 0x000007fef87dd000 	D:\develop\android\jre\jre\bin\management.dll
0x000007fefd150000 - 0x000007fefd168000 	C:\Windows\system32\CRYPTSP.dll
0x000007fefce50000 - 0x000007fefce97000 	C:\Windows\system32\rsaenh.dll
0x000007fefcbd0000 - 0x000007fefcbee000 	C:\Windows\system32\USERENV.dll
0x000007fefd7c0000 - 0x000007fefd7cf000 	C:\Windows\system32\CRYPTBASE.dll
0x000007fefb440000 - 0x000007fefb467000 	C:\Windows\system32\IPHLPAPI.DLL
0x000007fefb430000 - 0x000007fefb43b000 	C:\Windows\system32\WINNSI.DLL
0x000007fefac70000 - 0x000007fefac81000 	C:\Windows\system32\dhcpcsvc6.DLL
0x000007fefac50000 - 0x000007fefac68000 	C:\Windows\system32\dhcpcsvc.DLL

VM Arguments:
jvm_args: -Xmx1536m -Dfile.encoding=GBK -Duser.country=CN -Duser.language=zh -Duser.variant 
java_command: org.gradle.launcher.daemon.bootstrap.GradleDaemon 5.4.1
java_class_path (initial): C:\Users\Administrator\.gradle\wrapper\dists\gradle-5.4.1-all\3221gyojl5jsh0helicew7rwx\gradle-5.4.1\lib\gradle-launcher-5.4.1.jar
Launcher Type: SUN_STANDARD

Environment Variables:
JAVA_HOME=C:\Java\jdk1.8.0_101
PATH=C:\Windows\system32;C:\Windows;C:\Windows\System32\Wbem;C:\Windows\System32\WindowsPowerShell\v1.0\;D:\develop\git\Git\cmd;C:\Java\jdk1.8.0_101\bin;D:\develop\tomcat7\bin;D:\develop\mysql8\bin;D:\develop\maven-3.6.2\bin;
USERNAME=Administrator
OS=Windows_NT
PROCESSOR_IDENTIFIER=Intel64 Family 6 Model 158 Stepping 9, GenuineIntel



---------------  S Y S T E M  ---------------

OS: Windows 7 , 64 bit Build 7601 (6.1.7601.23807)

CPU:total 4 (initial active 4) (2 cores per cpu, 2 threads per core) family 6 model 158 stepping 9, cmov, cx8, fxsr, mmx, sse, sse2, sse3, ssse3, sse4.1, sse4.2, popcnt, avx, avx2, aes, clmul, erms, 3dnowpref, lzcnt, ht, tsc, tscinvbit, bmi1, bmi2, adx

Memory: 4k page, physical 8304764k(932472k free), swap 8302904k(5412k free)

vm_info: OpenJDK 64-Bit Server VM (25.202-b03) for windows-amd64 JRE (1.8.0_202-release-1483-b03), built by "builder" with MS VC++ 10.0 (VS2010)

time: Mon Oct 14 09:56:11 2019
timezone: 中国标准时间
elapsed time: 472 seconds (0d 0h 7m 52s)

