#
# There is insufficient memory for the Java Runtime Environment to continue.
# Native memory allocation (malloc) failed to allocate 131088 bytes for Chunk::new
# Possible reasons:
#   The system is out of physical RAM or swap space
#   The process is running with CompressedOops enabled, and the Java Heap may be blocking the growth of the native heap
# Possible solutions:
#   Reduce memory load on the system
#   Increase physical memory or swap space
#   Check if swap backing store is full
#   Decrease Java heap size (-Xmx/-Xms)
#   Decrease number of Java threads
#   Decrease Java thread stack sizes (-Xss)
#   Set larger code cache with -XX:ReservedCodeCacheSize=
#   JVM is running with Unscaled Compressed Oops mode in which the Java heap is
#     placed in the first 4GB address space. The Java Heap base address is the
#     maximum limit for the native heap growth. Please use -XX:HeapBaseMinAddress
#     to set the Java Heap base and to place the Java Heap above 4GB virtual address.
# This output file may be truncated or incomplete.
#
#  Out of Memory Error (allocation.cpp:389), pid=9212, tid=0x0000000000001920
#
# JRE version: OpenJDK Runtime Environment (8.0_202-b03) (build 1.8.0_202-release-1483-b03)
# Java VM: OpenJDK 64-Bit Server VM (25.202-b03 mixed mode windows-amd64 compressed oops)
# Failed to write core dump. Minidumps are not enabled by default on client versions of Windows
#

---------------  T H R E A D  ---------------

Current thread (0x0000000057852800):  JavaThread "C2 CompilerThread1" daemon [_thread_in_native, id=6432, stack(0x0000000057c90000,0x0000000057d90000)]

Stack: [0x0000000057c90000,0x0000000057d90000]
[error occurred during error reporting (printing stack bounds), id 0xc0000005]

Native frames: (J=compiled Java code, j=interpreted, Vv=VM code, C=native code)


Current CompileTask:
C2: 609590 16512       4       com.android.tools.r8.dex.DexParser::a (1326 bytes)


---------------  P R O C E S S  ---------------

Java Threads: ( => current thread )
  0x00000000612a2000 JavaThread "ForkJoinPool-8-worker-0" daemon [_thread_blocked, id=8268, stack(0x0000000067c60000,0x0000000067d60000)]
  0x00000000612a1000 JavaThread "ForkJoinPool-8-worker-3" daemon [_thread_blocked, id=7848, stack(0x0000000067190000,0x0000000067290000)]
  0x00000000612a0800 JavaThread "ForkJoinPool-8-worker-2" daemon [_thread_blocked, id=9112, stack(0x0000000066f90000,0x0000000067090000)]
  0x000000006129f800 JavaThread "ForkJoinPool-8-worker-1" daemon [_thread_blocked, id=8748, stack(0x0000000066e40000,0x0000000066f40000)]
  0x000000005e417000 JavaThread "WorkerExecutor Queue Thread 5" [_thread_blocked, id=8096, stack(0x000000005bf00000,0x000000005c000000)]
  0x000000005e416800 JavaThread "WorkerExecutor Queue Thread 4" [_thread_in_Java, id=4164, stack(0x0000000065d40000,0x0000000065e40000)]
  0x000000005e415800 JavaThread "Cache worker for Java compile cache (D:\wanglin\AndroidStudioProjects\house\.gradle\5.4.1\javaCompile)" [_thread_blocked, id=8384, stack(0x0000000063540000,0x0000000063640000)]
  0x000000005e414000 JavaThread "WorkerExecutor Queue Thread 3" [_thread_blocked, id=8196, stack(0x0000000066960000,0x0000000066a60000)]
  0x000000005e413800 JavaThread "WorkerExecutor Queue Thread 2" [_thread_blocked, id=4848, stack(0x0000000067450000,0x0000000067550000)]
  0x000000005e412800 JavaThread "stdout" [_thread_in_native, id=8204, stack(0x0000000067290000,0x0000000067390000)]
  0x000000005e412000 JavaThread "stderr" [_thread_in_native, id=8928, stack(0x0000000066a60000,0x0000000066b60000)]
  0x000000005e411000 JavaThread "pool-8-thread-1" [_thread_blocked, id=8784, stack(0x0000000064a30000,0x0000000064b30000)]
  0x000000005836e800 JavaThread "WorkerExecutor Queue" [_thread_blocked, id=824, stack(0x00000000658a0000,0x00000000659a0000)]
  0x000000005836a800 JavaThread "Cache worker for execution history cache (D:\wanglin\AndroidStudioProjects\house\.gradle\5.4.1\executionHistory)" [_thread_blocked, id=7992, stack(0x0000000065ea0000,0x0000000065fa0000)]
  0x000000005836a000 JavaThread "Execution worker for ':' Thread 3" [_thread_blocked, id=1668, stack(0x00000000667f0000,0x00000000668f0000)]
  0x000000005836f000 JavaThread "Execution worker for ':' Thread 2" [_thread_blocked, id=6336, stack(0x0000000065c00000,0x0000000065d00000)]
  0x000000005e51d000 JavaThread "Execution worker for ':'" [_thread_blocked, id=6376, stack(0x0000000065450000,0x0000000065550000)]
  0x000000005e51b800 JavaThread "Cache worker for file content cache (D:\wanglin\AndroidStudioProjects\house\.gradle\5.4.1\fileContent)" [_thread_blocked, id=5904, stack(0x00000000646e0000,0x00000000647e0000)]
  0x000000005e51c000 JavaThread "Cache worker for Build Output Cleanup Cache (D:\wanglin\AndroidStudioProjects\house\.gradle\buildOutputCleanup)" [_thread_blocked, id=5840, stack(0x0000000063e60000,0x0000000063f60000)]
  0x000000005e517800 JavaThread "Build operations Thread 4" [_thread_blocked, id=8700, stack(0x00000000610b0000,0x00000000611b0000)]
  0x000000005e518800 JavaThread "Build operations Thread 3" [_thread_blocked, id=272, stack(0x0000000063cc0000,0x0000000063dc0000)]
  0x000000005e51a800 JavaThread "Build operations Thread 2" [_thread_blocked, id=7456, stack(0x0000000063430000,0x0000000063530000)]
  0x000000005e516000 JavaThread "Build operations" [_thread_blocked, id=8940, stack(0x0000000060e10000,0x0000000060f10000)]
  0x000000005e51a000 JavaThread "Cache worker for cache directory md-rule (C:\Users\Administrator\.gradle\caches\5.4.1\md-rule)" [_thread_blocked, id=8232, stack(0x0000000060a10000,0x0000000060b10000)]
  0x00000000585a6000 JavaThread "Cache worker for cache directory md-supplier (C:\Users\Administrator\.gradle\caches\5.4.1\md-supplier)" [_thread_blocked, id=5284, stack(0x000000005bb90000,0x000000005bc90000)]
  0x00000000585a9000 JavaThread "Cache worker for file hash cache (D:\wanglin\AndroidStudioProjects\house\.gradle\5.4.1\fileHashes)" [_thread_blocked, id=9056, stack(0x0000000060810000,0x0000000060910000)]
  0x00000000585a0000 JavaThread "Thread-97" [_thread_blocked, id=8588, stack(0x000000005ec30000,0x000000005ed30000)]
  0x000000005859b800 JavaThread "Stdin handler" [_thread_blocked, id=6508, stack(0x000000005eab0000,0x000000005ebb0000)]
  0x00000000585a2800 JavaThread "Asynchronous log dispatcher for DefaultDaemonConnection: socket connection from /127.0.0.1:52669 to /127.0.0.1:53580" [_thread_blocked, id=8528, stack(0x000000005bd70000,0x000000005be70000)]
  0x00000000585a4000 JavaThread "Daemon worker Thread 4" [_thread_blocked, id=8880, stack(0x000000005b660000,0x000000005b760000)]
  0x00000000585a3000 JavaThread "Cancel handler" [_thread_blocked, id=7056, stack(0x000000005b560000,0x000000005b660000)]
  0x00000000585a4800 JavaThread "Handler for socket connection from /127.0.0.1:52669 to /127.0.0.1:53580" [_thread_in_native, id=4596, stack(0x000000005b420000,0x000000005b520000)]
  0x00000000585a1000 JavaThread "Daemon Thread 4" [_thread_blocked, id=8336, stack(0x000000005b2e0000,0x000000005b3e0000)]
  0x0000000058369000 JavaThread "Cache worker for Java compile cache (C:\Users\Administrator\.gradle\caches\5.4.1\javaCompile)" [_thread_blocked, id=8956, stack(0x00000000648e0000,0x00000000649e0000)]
  0x00000000585a8800 JavaThread "Cache worker for file content cache (C:\Users\Administrator\.gradle\caches\5.4.1\fileContent)" [_thread_blocked, id=5552, stack(0x0000000063280000,0x0000000063380000)]
  0x00000000585a7800 JavaThread "Memory manager" [_thread_blocked, id=8672, stack(0x0000000060fb0000,0x00000000610b0000)]
  0x00000000585a1800 JavaThread "Cache worker for execution history cache (C:\Users\Administrator\.gradle\caches\5.4.1\executionHistory)" [_thread_blocked, id=4976, stack(0x000000005c120000,0x000000005c220000)]
  0x000000005859a800 JavaThread "Cache worker for journal cache (C:\Users\Administrator\.gradle\caches\journal-1)" [_thread_blocked, id=8280, stack(0x000000005c580000,0x000000005c680000)]
  0x000000005859a000 JavaThread "File lock request listener" [_thread_in_native, id=7828, stack(0x000000005c250000,0x000000005c350000)]
  0x0000000057a85800 JavaThread "Cache worker for file hash cache (C:\Users\Administrator\.gradle\caches\5.4.1\fileHashes)" [_thread_blocked, id=8360, stack(0x000000005c010000,0x000000005c110000)]
  0x0000000057957800 JavaThread "Daemon periodic checks" [_thread_blocked, id=5640, stack(0x0000000058b70000,0x0000000058c70000)]
  0x00000000585f8800 JavaThread "Incoming local TCP Connector on port 52669" [_thread_in_native, id=7172, stack(0x000000005b1c0000,0x000000005b2c0000)]
  0x0000000059655800 JavaThread "Daemon health stats" [_thread_blocked, id=8080, stack(0x000000005ae60000,0x000000005af60000)]
  0x00000000578c5000 JavaThread "Service Thread" daemon [_thread_blocked, id=3920, stack(0x0000000058260000,0x0000000058360000)]
  0x0000000057853800 JavaThread "C1 CompilerThread2" daemon [_thread_in_native, id=9072, stack(0x0000000057ff0000,0x00000000580f0000)]
=>0x0000000057852800 JavaThread "C2 CompilerThread1" daemon [_thread_in_native, id=6432, stack(0x0000000057c90000,0x0000000057d90000)]
  0x000000005620b000 JavaThread "C2 CompilerThread0" daemon [_thread_in_native, id=8448, stack(0x0000000057e00000,0x0000000057f00000)]
  0x0000000057838800 JavaThread "Attach Listener" daemon [_thread_blocked, id=6572, stack(0x0000000057390000,0x0000000057490000)]
  0x00000000561fd000 JavaThread "Signal Dispatcher" daemon [_thread_blocked, id=3144, stack(0x00000000575c0000,0x00000000576c0000)]
  0x00000000561e8000 JavaThread "Finalizer" daemon [_thread_blocked, id=7464, stack(0x0000000057730000,0x0000000057830000)]
  0x00000000561e1000 JavaThread "Reference Handler" daemon [_thread_blocked, id=7396, stack(0x00000000574b0000,0x00000000575b0000)]
  0x000000000235e800 JavaThread "main" [_thread_blocked, id=1184, stack(0x0000000002640000,0x0000000002740000)]

Other Threads:
  0x0000000056199800 VMThread [stack: 0x0000000057250000,0x0000000057350000] [id=1432]
  0x00000000578c6000 WatcherThread [stack: 0x0000000058110000,0x0000000058210000] [id=3808]

VM state:not at safepoint (normal execution)

VM Mutex/Monitor currently owned by a thread: None

heap address: 0x00000000a0000000, size: 1536 MB, Compressed Oops mode: 32-bit
Narrow klass base: 0x0000000000000000, Narrow klass shift: 0
Compressed class space size: 1073741824 Address: 0x0000000015810000

Heap:
 PSYoungGen      total 361472K, used 76465K [0x00000000e0000000, 0x00000000fe080000, 0x0000000100000000)
  eden space 288768K, 3% used [0x00000000e0000000,0x00000000e0a54c38,0x00000000f1a00000)
  from space 72704K, 90% used [0x00000000f9980000,0x00000000fd9d7980,0x00000000fe080000)
  to   space 74240K, 0% used [0x00000000f1a00000,0x00000000f1a00000,0x00000000f6280000)
 ParOldGen       total 230400K, used 110277K [0x00000000a0000000, 0x00000000ae100000, 0x00000000e0000000)
  object space 230400K, 47% used [0x00000000a0000000,0x00000000a6bb16b0,0x00000000ae100000)
 Metaspace       used 85576K, capacity 88968K, committed 89240K, reserved 1126400K
  class space    used 11192K, capacity 11891K, committed 11944K, reserved 1048576K

Card table byte_map: [0x0000000011b00000,0x0000000011e10000] byte_map_base: 0x0000000011600000

Marking Bits: (ParMarkBitMap*) 0x0000000069b59f30
 Begin Bits: [0x0000000012510000, 0x0000000013d10000)
 End Bits:   [0x0000000013d10000, 0x0000000015510000)

Polling page: 0x0000000002340000

CodeCache: size=245760Kb used=43324Kb max_used=44144Kb free=202435Kb
 bounds [0x0000000002740000, 0x00000000052a0000, 0x0000000011740000]
 total_blobs=14493 nmethods=13637 adapters=767
 compilation: enabled

Compilation events (10 events):
Event: 609.513 Thread 0x0000000057853800 16597       1       com.android.tools.r8.code.AddInt::a (1 bytes)
Event: 609.513 Thread 0x0000000057853800 nmethod 16597 0x00000000036c34d0 code [0x00000000036c3620, 0x00000000036c3730]
Event: 609.515 Thread 0x0000000057853800 16598       1       com.android.tools.r8.code.l0::a (1 bytes)
Event: 609.516 Thread 0x0000000057853800 nmethod 16598 0x0000000004b43790 code [0x0000000004b438e0, 0x0000000004b439f0]
Event: 609.520 Thread 0x0000000057853800 16599       2       com.android.tools.r8.code.J0::a (1 bytes)
Event: 609.520 Thread 0x0000000057853800 nmethod 16599 0x0000000004a8d7d0 code [0x0000000004a8d920, 0x0000000004a8da70]
Event: 609.522 Thread 0x0000000057853800 16600       2       com.android.tools.r8.code.AputByte::a (1 bytes)
Event: 609.523 Thread 0x0000000057853800 nmethod 16600 0x0000000004a96510 code [0x0000000004a96660, 0x0000000004a967b0]
Event: 609.525 Thread 0x0000000057853800 16601       2       com.android.tools.r8.code.i::a (1 bytes)
Event: 609.525 Thread 0x0000000057853800 nmethod 16601 0x00000000048ae790 code [0x00000000048ae8e0, 0x00000000048aea30]

GC Heap History (10 events):
Event: 102.229 GC heap before
{Heap before GC invocations=17 (full 5):
 PSYoungGen      total 279040K, used 250880K [0x00000000e0000000, 0x00000000f8280000, 0x0000000100000000)
  eden space 250880K, 100% used [0x00000000e0000000,0x00000000ef500000,0x00000000ef500000)
  from space 28160K, 0% used [0x00000000f2c00000,0x00000000f2c00000,0x00000000f4780000)
  to   space 56320K, 0% used [0x00000000ef500000,0x00000000ef500000,0x00000000f2c00000)
 ParOldGen       total 126464K, used 118875K [0x00000000a0000000, 0x00000000a7b80000, 0x00000000e0000000)
  object space 126464K, 93% used [0x00000000a0000000,0x00000000a7416eb0,0x00000000a7b80000)
 Metaspace       used 73276K, capacity 76168K, committed 76312K, reserved 1116160K
  class space    used 9832K, capacity 10433K, committed 10536K, reserved 1048576K
Event: 102.337 GC heap after
Heap after GC invocations=17 (full 5):
 PSYoungGen      total 279040K, used 0K [0x00000000e0000000, 0x00000000f8280000, 0x0000000100000000)
  eden space 250880K, 0% used [0x00000000e0000000,0x00000000e0000000,0x00000000ef500000)
  from space 28160K, 0% used [0x00000000f2c00000,0x00000000f2c00000,0x00000000f4780000)
  to   space 56320K, 0% used [0x00000000ef500000,0x00000000ef500000,0x00000000f2c00000)
 ParOldGen       total 230400K, used 53345K [0x00000000a0000000, 0x00000000ae100000, 0x00000000e0000000)
  object space 230400K, 23% used [0x00000000a0000000,0x00000000a3418538,0x00000000ae100000)
 Metaspace       used 73276K, capacity 76168K, committed 76312K, reserved 1116160K
  class space    used 9832K, capacity 10433K, committed 10536K, reserved 1048576K
}
Event: 220.630 GC heap before
{Heap before GC invocations=18 (full 5):
 PSYoungGen      total 279040K, used 250880K [0x00000000e0000000, 0x00000000f8280000, 0x0000000100000000)
  eden space 250880K, 100% used [0x00000000e0000000,0x00000000ef500000,0x00000000ef500000)
  from space 28160K, 0% used [0x00000000f2c00000,0x00000000f2c00000,0x00000000f4780000)
  to   space 56320K, 0% used [0x00000000ef500000,0x00000000ef500000,0x00000000f2c00000)
 ParOldGen       total 230400K, used 53345K [0x00000000a0000000, 0x00000000ae100000, 0x00000000e0000000)
  object space 230400K, 23% used [0x00000000a0000000,0x00000000a3418538,0x00000000ae100000)
 Metaspace       used 79536K, capacity 82548K, committed 82712K, reserved 1120256K
  class space    used 10595K, capacity 11215K, committed 11304K, reserved 1048576K
Event: 220.711 GC heap after
Heap after GC invocations=18 (full 5):
 PSYoungGen      total 307200K, used 15355K [0x00000000e0000000, 0x00000000f9700000, 0x0000000100000000)
  eden space 250880K, 0% used [0x00000000e0000000,0x00000000e0000000,0x00000000ef500000)
  from space 56320K, 27% used [0x00000000ef500000,0x00000000f03fec80,0x00000000f2c00000)
  to   space 53760K, 0% used [0x00000000f6280000,0x00000000f6280000,0x00000000f9700000)
 ParOldGen       total 230400K, used 53345K [0x00000000a0000000, 0x00000000ae100000, 0x00000000e0000000)
  object space 230400K, 23% used [0x00000000a0000000,0x00000000a3418538,0x00000000ae100000)
 Metaspace       used 79536K, capacity 82548K, committed 82712K, reserved 1120256K
  class space    used 10595K, capacity 11215K, committed 11304K, reserved 1048576K
}
Event: 222.813 GC heap before
{Heap before GC invocations=19 (full 5):
 PSYoungGen      total 307200K, used 266235K [0x00000000e0000000, 0x00000000f9700000, 0x0000000100000000)
  eden space 250880K, 100% used [0x00000000e0000000,0x00000000ef500000,0x00000000ef500000)
  from space 56320K, 27% used [0x00000000ef500000,0x00000000f03fec80,0x00000000f2c00000)
  to   space 53760K, 0% used [0x00000000f6280000,0x00000000f6280000,0x00000000f9700000)
 ParOldGen       total 230400K, used 53345K [0x00000000a0000000, 0x00000000ae100000, 0x00000000e0000000)
  object space 230400K, 23% used [0x00000000a0000000,0x00000000a3418538,0x00000000ae100000)
 Metaspace       used 81811K, capacity 84998K, committed 85016K, reserved 1122304K
  class space    used 10935K, capacity 11558K, committed 11560K, reserved 1048576K
Event: 222.898 GC heap after
Heap after GC invocations=19 (full 5):
 PSYoungGen      total 342528K, used 53738K [0x00000000e0000000, 0x00000000fc100000, 0x0000000100000000)
  eden space 288768K, 0% used [0x00000000e0000000,0x00000000e0000000,0x00000000f1a00000)
  from space 53760K, 99% used [0x00000000f6280000,0x00000000f96fa980,0x00000000f9700000)
  to   space 74240K, 0% used [0x00000000f1a00000,0x00000000f1a00000,0x00000000f6280000)
 ParOldGen       total 230400K, used 84753K [0x00000000a0000000, 0x00000000ae100000, 0x00000000e0000000)
  object space 230400K, 36% used [0x00000000a0000000,0x00000000a52c4630,0x00000000ae100000)
 Metaspace       used 81811K, capacity 84998K, committed 85016K, reserved 1122304K
  class space    used 10935K, capacity 11558K, committed 11560K, reserved 1048576K
}
Event: 607.280 GC heap before
{Heap before GC invocations=20 (full 5):
 PSYoungGen      total 342528K, used 342506K [0x00000000e0000000, 0x00000000fc100000, 0x0000000100000000)
  eden space 288768K, 100% used [0x00000000e0000000,0x00000000f1a00000,0x00000000f1a00000)
  from space 53760K, 99% used [0x00000000f6280000,0x00000000f96fa980,0x00000000f9700000)
  to   space 74240K, 0% used [0x00000000f1a00000,0x00000000f1a00000,0x00000000f6280000)
 ParOldGen       total 230400K, used 84753K [0x00000000a0000000, 0x00000000ae100000, 0x00000000e0000000)
  object space 230400K, 36% used [0x00000000a0000000,0x00000000a52c4630,0x00000000ae100000)
 Metaspace       used 84024K, capacity 87362K, committed 87576K, reserved 1124352K
  class space    used 11135K, capacity 11800K, committed 11816K, reserved 1048576K
Event: 607.337 GC heap after
Heap after GC invocations=20 (full 5):
 PSYoungGen      total 363008K, used 8918K [0x00000000e0000000, 0x00000000fe080000, 0x0000000100000000)
  eden space 288768K, 0% used [0x00000000e0000000,0x00000000e0000000,0x00000000f1a00000)
  from space 74240K, 12% used [0x00000000f1a00000,0x00000000f22b5878,0x00000000f6280000)
  to   space 72704K, 0% used [0x00000000f9980000,0x00000000f9980000,0x00000000fe080000)
 ParOldGen       total 230400K, used 110269K [0x00000000a0000000, 0x00000000ae100000, 0x00000000e0000000)
  object space 230400K, 47% used [0x00000000a0000000,0x00000000a6baf6b0,0x00000000ae100000)
 Metaspace       used 84024K, capacity 87362K, committed 87576K, reserved 1124352K
  class space    used 11135K, capacity 11800K, committed 11816K, reserved 1048576K
}
Event: 609.352 GC heap before
{Heap before GC invocations=21 (full 5):
 PSYoungGen      total 363008K, used 297686K [0x00000000e0000000, 0x00000000fe080000, 0x0000000100000000)
  eden space 288768K, 100% used [0x00000000e0000000,0x00000000f1a00000,0x00000000f1a00000)
  from space 74240K, 12% used [0x00000000f1a00000,0x00000000f22b5878,0x00000000f6280000)
  to   space 72704K, 0% used [0x00000000f9980000,0x00000000f9980000,0x00000000fe080000)
 ParOldGen       total 230400K, used 110269K [0x00000000a0000000, 0x00000000ae100000, 0x00000000e0000000)
  object space 230400K, 47% used [0x00000000a0000000,0x00000000a6baf6b0,0x00000000ae100000)
 Metaspace       used 85572K, capacity 88968K, committed 89240K, reserved 1126400K
  class space    used 11192K, capacity 11891K, committed 11944K, reserved 1048576K
Event: 609.450 GC heap after
Heap after GC invocations=21 (full 5):
 PSYoungGen      total 361472K, used 65886K [0x00000000e0000000, 0x00000000fe080000, 0x0000000100000000)
  eden space 288768K, 0% used [0x00000000e0000000,0x00000000e0000000,0x00000000f1a00000)
  from space 72704K, 90% used [0x00000000f9980000,0x00000000fd9d7980,0x00000000fe080000)
  to   space 74240K, 0% used [0x00000000f1a00000,0x00000000f1a00000,0x00000000f6280000)
 ParOldGen       total 230400K, used 110277K [0x00000000a0000000, 0x00000000ae100000, 0x00000000e0000000)
  object space 230400K, 47% used [0x00000000a0000000,0x00000000a6bb16b0,0x00000000ae100000)
 Metaspace       used 85572K, capacity 88968K, committed 89240K, reserved 1126400K
  class space    used 11192K, capacity 11891K, committed 11944K, reserved 1048576K
}

Deoptimization events (10 events):
Event: 608.425 Thread 0x000000005e414000 Uncommon trap: reason=unstable_if action=reinterpret pc=0x0000000003d853a8 method=com.android.tools.r8.graph.DexString.<init>(Ljava/lang/String;)V @ 39
Event: 608.425 Thread 0x000000005e413800 Uncommon trap: reason=unstable_if action=reinterpret pc=0x0000000002bb7db4 method=com.android.tools.r8.graph.DexString.k()Ljava/lang/String; @ 56
Event: 608.425 Thread 0x000000005e413800 Uncommon trap: reason=unstable_if action=reinterpret pc=0x0000000003bc7734 method=com.android.tools.r8.graph.DexString.k()Ljava/lang/String; @ 56
Event: 608.577 Thread 0x000000005e414000 Uncommon trap: reason=array_check action=maybe_recompile pc=0x0000000003fadf5c method=java.util.TimSort.mergeHi(IIII)V @ 101
Event: 608.577 Thread 0x000000005e414000 Uncommon trap: reason=array_check action=maybe_recompile pc=0x0000000003fadf5c method=java.util.TimSort.mergeHi(IIII)V @ 101
Event: 608.577 Thread 0x000000005e414000 Uncommon trap: reason=unstable_if action=reinterpret pc=0x0000000003e15734 method=java.util.TimSort.mergeCollapse()V @ 61
Event: 608.597 Thread 0x000000005e413800 Uncommon trap: reason=unstable_if action=reinterpret pc=0x000000000303b038 method=java.util.HashMap.putVal(ILjava/lang/Object;Ljava/lang/Object;ZZ)Ljava/lang/Object; @ 162
Event: 608.597 Thread 0x000000005e413800 Uncommon trap: reason=unstable_if action=reinterpret pc=0x000000000355cc80 method=java.util.HashMap.putVal(ILjava/lang/Object;Ljava/lang/Object;ZZ)Ljava/lang/Object; @ 162
Event: 608.597 Thread 0x000000005e413800 Uncommon trap: reason=unstable_if action=reinterpret pc=0x000000000324ff44 method=java.util.HashMap.getNode(ILjava/lang/Object;)Ljava/util/HashMap$Node; @ 84
Event: 608.621 Thread 0x000000005e413800 Uncommon trap: reason=unstable_if action=reinterpret pc=0x000000000501aad4 method=com.android.tools.r8.t.a.a.f.a(II[C)Ljava/lang/String; @ 32

Classes redefined (0 events):
No events

Internal exceptions (10 events):
Event: 608.700 Thread 0x000000005e413800 Exception <a 'sun/nio/fs/WindowsException'> (0x00000000e8ccecb8) thrown at [D:\src\AOSP-openjdk-cygwin\jdk8u\hotspot\src\share\vm\prims\jni.cpp, line 710]
Event: 608.701 Thread 0x000000005e413800 Exception <a 'sun/nio/fs/WindowsException'> (0x00000000e8cda500) thrown at [D:\src\AOSP-openjdk-cygwin\jdk8u\hotspot\src\share\vm\prims\jni.cpp, line 710]
Event: 608.702 Thread 0x000000005e413800 Exception <a 'sun/nio/fs/WindowsException'> (0x00000000e8ce19c0) thrown at [D:\src\AOSP-openjdk-cygwin\jdk8u\hotspot\src\share\vm\prims\jni.cpp, line 710]
Event: 608.703 Thread 0x000000005e413800 Exception <a 'sun/nio/fs/WindowsException'> (0x00000000e8de9dd8) thrown at [D:\src\AOSP-openjdk-cygwin\jdk8u\hotspot\src\share\vm\prims\jni.cpp, line 710]
Event: 608.704 Thread 0x000000005e413800 Exception <a 'sun/nio/fs/WindowsException'> (0x00000000e8df03d0) thrown at [D:\src\AOSP-openjdk-cygwin\jdk8u\hotspot\src\share\vm\prims\jni.cpp, line 710]
Event: 608.705 Thread 0x000000005e413800 Exception <a 'sun/nio/fs/WindowsException'> (0x00000000e8df7a08) thrown at [D:\src\AOSP-openjdk-cygwin\jdk8u\hotspot\src\share\vm\prims\jni.cpp, line 710]
Event: 608.705 Thread 0x000000005e413800 Exception <a 'sun/nio/fs/WindowsException'> (0x00000000e8dfe020) thrown at [D:\src\AOSP-openjdk-cygwin\jdk8u\hotspot\src\share\vm\prims\jni.cpp, line 710]
Event: 608.706 Thread 0x000000005e413800 Exception <a 'sun/nio/fs/WindowsException'> (0x00000000e8f451b0) thrown at [D:\src\AOSP-openjdk-cygwin\jdk8u\hotspot\src\share\vm\prims\jni.cpp, line 710]
Event: 608.707 Thread 0x000000005e413800 Exception <a 'sun/nio/fs/WindowsException'> (0x00000000e8f4d810) thrown at [D:\src\AOSP-openjdk-cygwin\jdk8u\hotspot\src\share\vm\prims\jni.cpp, line 710]
Event: 608.955 Thread 0x000000005e416800 Exception <a 'sun/nio/fs/WindowsException'> (0x00000000e9d003d0) thrown at [D:\src\AOSP-openjdk-cygwin\jdk8u\hotspot\src\share\vm\prims\jni.cpp, line 710]

Events (10 events):
Event: 609.514 Thread 0x0000000057853800 flushing nmethod 0x0000000004b413d0
Event: 609.514 Thread 0x0000000057853800 flushing nmethod 0x0000000004b43790
Event: 609.514 Thread 0x0000000057853800 flushing nmethod 0x0000000004b65e90
Event: 609.514 Thread 0x0000000057853800 flushing nmethod 0x0000000004b67c10
Event: 609.514 Thread 0x0000000057853800 flushing nmethod 0x0000000004b685d0
Event: 609.514 Thread 0x0000000057853800 flushing nmethod 0x0000000004b6c6d0
Event: 609.514 Thread 0x0000000057853800 flushing nmethod 0x0000000004b6d910
Event: 609.514 Thread 0x0000000057853800 flushing nmethod 0x0000000004b6de50
Event: 609.514 Thread 0x0000000057853800 flushing nmethod 0x0000000004b705d0
Event: 609.514 Thread 0x0000000057853800 flushing nmethod 0x0000000004b73750


Dynamic libraries:
0x000000013f300000 - 0x000000013f331000 	D:\develop\android\jre\bin\java.exe
0x0000000077980000 - 0x0000000077b2a000 	C:\Windows\SYSTEM32\ntdll.dll
0x0000000077860000 - 0x000000007797f000 	C:\Windows\system32\kernel32.dll
0x000007fefdb10000 - 0x000007fefdb7a000 	C:\Windows\system32\KERNELBASE.dll
0x000007fefde50000 - 0x000007fefdf2b000 	C:\Windows\system32\ADVAPI32.dll
0x000007feffa60000 - 0x000007feffaff000 	C:\Windows\system32\msvcrt.dll
0x000007feff2e0000 - 0x000007feff2ff000 	C:\Windows\SYSTEM32\sechost.dll
0x000007fefdca0000 - 0x000007fefddcd000 	C:\Windows\system32\RPCRT4.dll
0x0000000077760000 - 0x000000007785a000 	C:\Windows\system32\USER32.dll
0x000007fefe060000 - 0x000007fefe0c7000 	C:\Windows\system32\GDI32.dll
0x000007feff470000 - 0x000007feff47e000 	C:\Windows\system32\LPK.dll
0x000007feff3a0000 - 0x000007feff46b000 	C:\Windows\system32\USP10.dll
0x000007fefc350000 - 0x000007fefc544000 	C:\Windows\WinSxS\amd64_microsoft.windows.common-controls_6595b64144ccf1df_6.0.7601.18837_none_fa3b1e3d17594757\COMCTL32.dll
0x000007feff260000 - 0x000007feff2d1000 	C:\Windows\system32\SHLWAPI.dll
0x000007fefddd0000 - 0x000007fefddfe000 	C:\Windows\system32\IMM32.DLL
0x000007feffb80000 - 0x000007feffc89000 	C:\Windows\system32\MSCTF.dll
0x00000000690d0000 - 0x00000000691a2000 	D:\develop\android\jre\jre\bin\msvcr100.dll
0x0000000069390000 - 0x0000000069bd6000 	D:\develop\android\jre\jre\bin\server\jvm.dll
0x000007fef41b0000 - 0x000007fef41b9000 	C:\Windows\system32\WSOCK32.dll
0x000007fefde00000 - 0x000007fefde4d000 	C:\Windows\system32\WS2_32.dll
0x000007feff710000 - 0x000007feff718000 	C:\Windows\system32\NSI.dll
0x000007fef99a0000 - 0x000007fef99db000 	C:\Windows\system32\WINMM.dll
0x000007fefc9e0000 - 0x000007fefc9ec000 	C:\Windows\system32\VERSION.dll
0x0000000077b40000 - 0x0000000077b47000 	C:\Windows\system32\PSAPI.DLL
0x000007fef8880000 - 0x000007fef888f000 	D:\develop\android\jre\jre\bin\verify.dll
0x000007fef8850000 - 0x000007fef8879000 	D:\develop\android\jre\jre\bin\java.dll
0x000007fef8820000 - 0x000007fef8836000 	D:\develop\android\jre\jre\bin\zip.dll
0x000007fefe4d0000 - 0x000007feff25b000 	C:\Windows\system32\SHELL32.dll
0x000007fefe2b0000 - 0x000007fefe4ac000 	C:\Windows\system32\ole32.dll
0x000007fefd890000 - 0x000007fefd89f000 	C:\Windows\system32\profapi.dll
0x000007fef8800000 - 0x000007fef881a000 	D:\develop\android\jre\jre\bin\net.dll
0x000007fefd0f0000 - 0x000007fefd145000 	C:\Windows\system32\mswsock.dll
0x000007fefd0e0000 - 0x000007fefd0e7000 	C:\Windows\System32\wship6.dll
0x000007fef87e0000 - 0x000007fef87f1000 	D:\develop\android\jre\jre\bin\nio.dll
0x000007fef4140000 - 0x000007fef4166000 	C:\Users\Administrator\.gradle\native\29\windows-amd64\native-platform.dll
0x000007fef8df0000 - 0x000007fef8df3000 	C:\Windows\system32\api-ms-win-core-synch-l1-2-0.DLL
0x000007fef87d0000 - 0x000007fef87dd000 	D:\develop\android\jre\jre\bin\management.dll
0x000007fefd150000 - 0x000007fefd168000 	C:\Windows\system32\CRYPTSP.dll
0x000007fefce50000 - 0x000007fefce97000 	C:\Windows\system32\rsaenh.dll
0x000007fefcbd0000 - 0x000007fefcbee000 	C:\Windows\system32\USERENV.dll
0x000007fefd7c0000 - 0x000007fefd7cf000 	C:\Windows\system32\CRYPTBASE.dll
0x000007fefb440000 - 0x000007fefb467000 	C:\Windows\system32\IPHLPAPI.DLL
0x000007fefb430000 - 0x000007fefb43b000 	C:\Windows\system32\WINNSI.DLL
0x000007fefac70000 - 0x000007fefac81000 	C:\Windows\system32\dhcpcsvc6.DLL
0x000007fefac50000 - 0x000007fefac68000 	C:\Windows\system32\dhcpcsvc.DLL
0x000007fefd760000 - 0x000007fefd7b7000 	C:\Windows\system32\apphelp.dll

VM Arguments:
jvm_args: -Xmx1536m -Dfile.encoding=GBK -Duser.country=CN -Duser.language=zh -Duser.variant 
java_command: org.gradle.launcher.daemon.bootstrap.GradleDaemon 5.4.1
java_class_path (initial): C:\Users\Administrator\.gradle\wrapper\dists\gradle-5.4.1-all\3221gyojl5jsh0helicew7rwx\gradle-5.4.1\lib\gradle-launcher-5.4.1.jar
Launcher Type: SUN_STANDARD

Environment Variables:
JAVA_HOME=C:\Java\jdk1.8.0_101
PATH=C:\Windows\system32;C:\Windows;C:\Windows\System32\Wbem;C:\Windows\System32\WindowsPowerShell\v1.0\;D:\develop\git\Git\cmd;C:\Java\jdk1.8.0_101\bin;D:\develop\tomcat7\bin;D:\develop\mysql8\bin;D:\develop\maven-3.6.2\bin;
USERNAME=Administrator
OS=Windows_NT
PROCESSOR_IDENTIFIER=Intel64 Family 6 Model 158 Stepping 9, GenuineIntel



---------------  S Y S T E M  ---------------

OS: Windows 7 , 64 bit Build 7601 (6.1.7601.23807)

CPU:total 4 (initial active 4) (2 cores per cpu, 2 threads per core) family 6 model 158 stepping 9, cmov, cx8, fxsr, mmx, sse, sse2, sse3, ssse3, sse4.1, sse4.2, popcnt, avx, avx2, aes, clmul, erms, 3dnowpref, lzcnt, ht, tsc, tscinvbit, bmi1, bmi2, adx

Memory: 4k page, physical 8304764k(888836k free), swap 8302904k(5084k free)

vm_info: OpenJDK 64-Bit Server VM (25.202-b03) for windows-amd64 JRE (1.8.0_202-release-1483-b03), built by "builder" with MS VC++ 10.0 (VS2010)

time: Mon Oct 14 10:06:29 2019
timezone: 中国标准时间
elapsed time: 609 seconds (0d 0h 10m 9s)

